2021-12-04 21:01:33,307 INFO org.hibernate.validator.internal.util.Version [background-preinit] HV000001: Hibernate Validator 6.2.0.Final
2021-12-04 21:01:33,326 INFO org.springframework.boot.StartupInfoLogger [main] Starting DvDs20212cG1Application v0.0.1-SNAPSHOT using Java 11.0.12 on DESKTOP-J1OPBES with PID 18760 (F:\Rodrigo\Documents\dev\eclipse-workspace\dv-ds-20212c-g1\target\dv-ds-20212c-g1-0.0.1-SNAPSHOT.jar started by Rodrigo in F:\Rodrigo\Documents\dev\eclipse-workspace\dv-ds-20212c-g1)
2021-12-04 21:01:33,327 DEBUG org.springframework.boot.StartupInfoLogger [main] Running with Spring Boot v2.5.6, Spring v5.3.12
2021-12-04 21:01:33,329 INFO org.springframework.boot.SpringApplication [main] No active profile set, falling back to default profiles: default
2021-12-04 21:01:36,049 INFO org.springframework.data.repository.config.RepositoryConfigurationDelegate [main] Bootstrapping Spring Data JPA repositories in DEFAULT mode.
2021-12-04 21:01:36,181 INFO org.springframework.data.repository.config.RepositoryConfigurationDelegate [main] Finished Spring Data repository scanning in 114 ms. Found 7 JPA repository interfaces.
2021-12-04 21:01:38,613 INFO org.springframework.boot.web.embedded.tomcat.TomcatWebServer [main] Tomcat initialized with port(s): 8090 (http)
2021-12-04 21:01:38,648 INFO org.apache.juli.logging.DirectJDKLog [main] Initializing ProtocolHandler ["http-nio-8090"]
2021-12-04 21:01:38,650 INFO org.apache.juli.logging.DirectJDKLog [main] Starting service [Tomcat]
2021-12-04 21:01:38,651 INFO org.apache.juli.logging.DirectJDKLog [main] Starting Servlet engine: [Apache Tomcat/9.0.54]
2021-12-04 21:01:38,739 INFO org.apache.juli.logging.DirectJDKLog [main] Initializing Spring embedded WebApplicationContext
2021-12-04 21:01:38,739 INFO org.springframework.boot.web.servlet.context.ServletWebServerApplicationContext [main] Root WebApplicationContext: initialization completed in 5283 ms
2021-12-04 21:01:39,554 INFO com.zaxxer.hikari.HikariDataSource [main] HikariPool-1 - Starting...
2021-12-04 21:01:40,041 INFO com.zaxxer.hikari.HikariDataSource [main] HikariPool-1 - Start completed.
2021-12-04 21:01:40,377 INFO org.hibernate.jpa.internal.util.LogHelper [main] HHH000204: Processing PersistenceUnitInfo [name: default]
2021-12-04 21:01:40,522 INFO org.hibernate.Version [main] HHH000412: Hibernate ORM core version 5.4.32.Final
2021-12-04 21:01:40,958 INFO org.hibernate.annotations.common.reflection.java.JavaReflectionManager [main] HCANN000001: Hibernate Commons Annotations {5.1.2.Final}
2021-12-04 21:01:41,145 INFO org.hibernate.dialect.Dialect [main] HHH000400: Using dialect: org.hibernate.dialect.MySQL8Dialect
2021-12-04 21:01:41,393 WARN org.hibernate.cfg.AnnotationBinder [main] HHH000457: Joined inheritance hierarchy [ar.edu.davinci.dvds20212cg1.domain.Venta] defined explicit @DiscriminatorColumn.  Legacy Hibernate behavior was to ignore the @DiscriminatorColumn.  However, as part of issue HHH-6911 we now apply the explicit @DiscriminatorColumn.  If you would prefer the legacy behavior, enable the `hibernate.discriminator.ignore_explicit_for_joined` setting (hibernate.discriminator.ignore_explicit_for_joined=true)
2021-12-04 21:01:42,532 INFO org.hibernate.engine.transaction.jta.platform.internal.JtaPlatformInitiator [main] HHH000490: Using JtaPlatform implementation: [org.hibernate.engine.transaction.jta.platform.internal.NoJtaPlatform]
2021-12-04 21:01:42,540 INFO org.springframework.orm.jpa.AbstractEntityManagerFactoryBean [main] Initialized JPA EntityManagerFactory for persistence unit 'default'
2021-12-04 21:01:44,506 WARN org.springframework.boot.autoconfigure.orm.jpa.JpaBaseConfiguration$JpaWebConfiguration [main] spring.jpa.open-in-view is enabled by default. Therefore, database queries may be performed during view rendering. Explicitly configure spring.jpa.open-in-view to disable this warning
2021-12-04 21:01:45,810 INFO org.springframework.boot.actuate.endpoint.web.EndpointLinksResolver [main] Exposing 13 endpoint(s) beneath base path '/actuator'
2021-12-04 21:01:47,044 WARN org.springframework.boot.autoconfigure.thymeleaf.ThymeleafAutoConfiguration$DefaultTemplateResolverConfiguration [main] Cannot find template location: classpath:/templates/ (please add some templates or check your Thymeleaf configuration)
2021-12-04 21:01:47,812 INFO org.apache.juli.logging.DirectJDKLog [main] Starting ProtocolHandler ["http-nio-8090"]
2021-12-04 21:01:47,866 INFO org.springframework.boot.web.embedded.tomcat.TomcatWebServer [main] Tomcat started on port(s): 8090 (http) with context path ''
2021-12-04 21:01:48,925 INFO org.springframework.boot.StartupInfoLogger [main] Started DvDs20212cG1Application in 16.76 seconds (JVM running for 18.609)
2021-12-04 21:01:59,374 INFO org.apache.juli.logging.DirectJDKLog [http-nio-8090-exec-2] Initializing Spring DispatcherServlet 'dispatcherServlet'
2021-12-04 21:01:59,375 INFO org.springframework.web.servlet.FrameworkServlet [http-nio-8090-exec-2] Initializing Servlet 'dispatcherServlet'
2021-12-04 21:01:59,377 INFO org.springframework.web.servlet.FrameworkServlet [http-nio-8090-exec-2] Completed initialization in 2 ms
2021-12-04 21:01:59,427 INFO ar.edu.davinci.dvds20212cg1.controller.rest.NegocioControllerRest [http-nio-8090-exec-2] Listar todos los clientes
2021-12-04 21:01:59,432 DEBUG ar.edu.davinci.dvds20212cg1.services.NegocioServiceImpl [http-nio-8090-exec-2] Listado de todos los negocios
2021-12-04 21:01:59,787 TRACE org.hibernate.type.descriptor.sql.BasicExtractor [http-nio-8090-exec-2] extracted value ([ngc_id1_1_] : [BIGINT]) - [1]
2021-12-04 21:01:59,806 TRACE org.hibernate.type.descriptor.sql.BasicExtractor [http-nio-8090-exec-2] extracted value ([ngc_sucu2_1_] : [VARCHAR]) - [DV1]
2021-12-04 21:01:59,808 TRACE org.hibernate.type.descriptor.sql.BasicExtractor [http-nio-8090-exec-2] extracted value ([ngc_id1_1_] : [BIGINT]) - [2]
2021-12-04 21:01:59,809 TRACE org.hibernate.type.descriptor.sql.BasicExtractor [http-nio-8090-exec-2] extracted value ([ngc_sucu2_1_] : [VARCHAR]) - [DV2]
2021-12-04 21:01:59,809 TRACE org.hibernate.type.descriptor.sql.BasicExtractor [http-nio-8090-exec-2] extracted value ([ngc_id1_1_] : [BIGINT]) - [3]
2021-12-04 21:01:59,810 TRACE org.hibernate.type.descriptor.sql.BasicExtractor [http-nio-8090-exec-2] extracted value ([ngc_sucu2_1_] : [VARCHAR]) - [DV3]
2021-12-04 21:01:59,810 TRACE org.hibernate.type.descriptor.sql.BasicExtractor [http-nio-8090-exec-2] extracted value ([ngc_id1_1_] : [BIGINT]) - [4]
2021-12-04 21:01:59,811 TRACE org.hibernate.type.descriptor.sql.BasicExtractor [http-nio-8090-exec-2] extracted value ([ngc_sucu2_1_] : [VARCHAR]) - [Lo de Sergio]
2021-12-04 21:02:06,429 INFO ar.edu.davinci.dvds20212cg1.controller.rest.NegocioControllerRest [http-nio-8090-exec-3] Listar todos los negocios paginados
2021-12-04 21:02:06,435 INFO ar.edu.davinci.dvds20212cg1.controller.rest.NegocioControllerRest [http-nio-8090-exec-3] Pageable: Page request [number: 0, size 20, sort: UNSORTED]
2021-12-04 21:02:06,437 DEBUG ar.edu.davinci.dvds20212cg1.services.NegocioServiceImpl [http-nio-8090-exec-3] Listado de todos los negocios paginados
2021-12-04 21:02:06,444 TRACE org.hibernate.type.descriptor.sql.BasicExtractor [http-nio-8090-exec-3] extracted value ([ngc_id1_1_] : [BIGINT]) - [1]
2021-12-04 21:02:06,446 TRACE org.hibernate.type.descriptor.sql.BasicExtractor [http-nio-8090-exec-3] extracted value ([ngc_sucu2_1_] : [VARCHAR]) - [DV1]
2021-12-04 21:02:06,447 TRACE org.hibernate.type.descriptor.sql.BasicExtractor [http-nio-8090-exec-3] extracted value ([ngc_id1_1_] : [BIGINT]) - [2]
2021-12-04 21:02:06,447 TRACE org.hibernate.type.descriptor.sql.BasicExtractor [http-nio-8090-exec-3] extracted value ([ngc_sucu2_1_] : [VARCHAR]) - [DV2]
2021-12-04 21:02:06,448 TRACE org.hibernate.type.descriptor.sql.BasicExtractor [http-nio-8090-exec-3] extracted value ([ngc_id1_1_] : [BIGINT]) - [3]
2021-12-04 21:02:06,457 TRACE org.hibernate.type.descriptor.sql.BasicExtractor [http-nio-8090-exec-3] extracted value ([ngc_sucu2_1_] : [VARCHAR]) - [DV3]
2021-12-04 21:02:06,458 TRACE org.hibernate.type.descriptor.sql.BasicExtractor [http-nio-8090-exec-3] extracted value ([ngc_id1_1_] : [BIGINT]) - [4]
2021-12-04 21:02:06,459 TRACE org.hibernate.type.descriptor.sql.BasicExtractor [http-nio-8090-exec-3] extracted value ([ngc_sucu2_1_] : [VARCHAR]) - [Lo de Sergio]
2021-12-04 21:02:06,509 INFO ar.edu.davinci.dvds20212cg1.OrikaConfiguration$3 [http-nio-8090-exec-3] #### Custom mapping for Negocio --> NegocioResponse ####
2021-12-04 21:02:06,520 TRACE org.hibernate.type.descriptor.sql.BasicBinder [http-nio-8090-exec-3] binding parameter [1] as [BIGINT] - [1]
2021-12-04 21:02:06,532 TRACE org.hibernate.type.descriptor.sql.BasicExtractor [http-nio-8090-exec-3] extracted value ([vta_id2_4_1_] : [BIGINT]) - [1]
2021-12-04 21:02:06,533 TRACE org.hibernate.type.descriptor.sql.BasicExtractor [http-nio-8090-exec-3] extracted value ([cli_id1_0_2_] : [BIGINT]) - [1]
2021-12-04 21:02:06,536 TRACE org.hibernate.type.descriptor.sql.BasicExtractor [http-nio-8090-exec-3] extracted value ([tipo_ven1_4_1_] : [VARCHAR]) - [EFECTIVO]
2021-12-04 21:02:06,537 TRACE org.hibernate.type.descriptor.sql.BasicExtractor [http-nio-8090-exec-3] extracted value ([vta_cli_4_4_1_] : [BIGINT]) - [1]
2021-12-04 21:02:06,545 TRACE org.hibernate.type.descriptor.sql.BasicExtractor [http-nio-8090-exec-3] extracted value ([vta_fech3_4_1_] : [DATE]) - [2021-12-02]
2021-12-04 21:02:06,551 TRACE org.hibernate.type.descriptor.sql.BasicExtractor [http-nio-8090-exec-3] extracted value ([vta_ngc_5_4_1_] : [BIGINT]) - [1]
2021-12-04 21:02:06,555 TRACE org.hibernate.type.descriptor.sql.BasicExtractor [http-nio-8090-exec-3] extracted value ([cli_apel2_0_2_] : [VARCHAR]) - [Toyama]
2021-12-04 21:02:06,555 TRACE org.hibernate.type.descriptor.sql.BasicExtractor [http-nio-8090-exec-3] extracted value ([cli_nomb3_0_2_] : [VARCHAR]) - [Rodri]
2021-12-04 21:02:06,556 TRACE org.hibernate.type.descriptor.sql.BasicExtractor [http-nio-8090-exec-3] extracted value ([vta_ngc_5_4_0_] : [BIGINT]) - [1]
2021-12-04 21:02:06,557 TRACE org.hibernate.type.descriptor.sql.BasicExtractor [http-nio-8090-exec-3] extracted value ([vta_id2_4_0_] : [BIGINT]) - [1]
2021-12-04 21:02:06,576 TRACE org.hibernate.type.descriptor.sql.BasicBinder [http-nio-8090-exec-3] binding parameter [1] as [BIGINT] - [1]
2021-12-04 21:02:06,582 INFO ar.edu.davinci.dvds20212cg1.OrikaConfiguration$3 [http-nio-8090-exec-3] #### Custom mapping for Negocio --> NegocioResponse ####
2021-12-04 21:02:06,588 TRACE org.hibernate.type.descriptor.sql.BasicBinder [http-nio-8090-exec-3] binding parameter [1] as [BIGINT] - [2]
2021-12-04 21:02:06,591 TRACE org.hibernate.type.descriptor.sql.BasicExtractor [http-nio-8090-exec-3] extracted value ([vta_id2_4_1_] : [BIGINT]) - [2]
2021-12-04 21:02:06,593 TRACE org.hibernate.type.descriptor.sql.BasicExtractor [http-nio-8090-exec-3] extracted value ([cli_id1_0_2_] : [BIGINT]) - [2]
2021-12-04 21:02:06,594 TRACE org.hibernate.type.descriptor.sql.BasicExtractor [http-nio-8090-exec-3] extracted value ([tipo_ven1_4_1_] : [VARCHAR]) - [EFECTIVO]
2021-12-04 21:02:06,597 TRACE org.hibernate.type.descriptor.sql.BasicExtractor [http-nio-8090-exec-3] extracted value ([vta_cli_4_4_1_] : [BIGINT]) - [2]
2021-12-04 21:02:06,604 TRACE org.hibernate.type.descriptor.sql.BasicExtractor [http-nio-8090-exec-3] extracted value ([vta_fech3_4_1_] : [DATE]) - [2021-12-02]
2021-12-04 21:02:06,608 TRACE org.hibernate.type.descriptor.sql.BasicExtractor [http-nio-8090-exec-3] extracted value ([vta_ngc_5_4_1_] : [BIGINT]) - [2]
2021-12-04 21:02:06,610 TRACE org.hibernate.type.descriptor.sql.BasicExtractor [http-nio-8090-exec-3] extracted value ([cli_apel2_0_2_] : [VARCHAR]) - [Lujan]
2021-12-04 21:02:06,616 TRACE org.hibernate.type.descriptor.sql.BasicExtractor [http-nio-8090-exec-3] extracted value ([cli_nomb3_0_2_] : [VARCHAR]) - [Marcelo]
2021-12-04 21:02:06,622 TRACE org.hibernate.type.descriptor.sql.BasicExtractor [http-nio-8090-exec-3] extracted value ([vta_ngc_5_4_0_] : [BIGINT]) - [2]
2021-12-04 21:02:06,626 TRACE org.hibernate.type.descriptor.sql.BasicExtractor [http-nio-8090-exec-3] extracted value ([vta_id2_4_0_] : [BIGINT]) - [2]
2021-12-04 21:02:06,644 TRACE org.hibernate.type.descriptor.sql.BasicBinder [http-nio-8090-exec-3] binding parameter [1] as [BIGINT] - [2]
2021-12-04 21:02:06,651 INFO ar.edu.davinci.dvds20212cg1.OrikaConfiguration$3 [http-nio-8090-exec-3] #### Custom mapping for Negocio --> NegocioResponse ####
2021-12-04 21:02:06,658 TRACE org.hibernate.type.descriptor.sql.BasicBinder [http-nio-8090-exec-3] binding parameter [1] as [BIGINT] - [3]
2021-12-04 21:02:06,663 TRACE org.hibernate.type.descriptor.sql.BasicExtractor [http-nio-8090-exec-3] extracted value ([vta_id2_4_1_] : [BIGINT]) - [3]
2021-12-04 21:02:06,664 TRACE org.hibernate.type.descriptor.sql.BasicExtractor [http-nio-8090-exec-3] extracted value ([cli_id1_0_2_] : [BIGINT]) - [3]
2021-12-04 21:02:06,670 TRACE org.hibernate.type.descriptor.sql.BasicExtractor [http-nio-8090-exec-3] extracted value ([tipo_ven1_4_1_] : [VARCHAR]) - [TARJETA]
2021-12-04 21:02:06,672 TRACE org.hibernate.type.descriptor.sql.BasicExtractor [http-nio-8090-exec-3] extracted value ([vta_cli_4_4_1_] : [BIGINT]) - [3]
2021-12-04 21:02:06,673 TRACE org.hibernate.type.descriptor.sql.BasicExtractor [http-nio-8090-exec-3] extracted value ([vta_fech3_4_1_] : [DATE]) - [2021-12-02]
2021-12-04 21:02:06,675 TRACE org.hibernate.type.descriptor.sql.BasicExtractor [http-nio-8090-exec-3] extracted value ([vta_ngc_5_4_1_] : [BIGINT]) - [3]
2021-12-04 21:02:06,680 TRACE org.hibernate.type.descriptor.sql.BasicExtractor [http-nio-8090-exec-3] extracted value ([vtt_cant1_6_1_] : [INTEGER]) - [6]
2021-12-04 21:02:06,683 TRACE org.hibernate.type.descriptor.sql.BasicExtractor [http-nio-8090-exec-3] extracted value ([vtt_coef2_6_1_] : [NUMERIC]) - [0.01]
2021-12-04 21:02:06,693 TRACE org.hibernate.type.descriptor.sql.BasicExtractor [http-nio-8090-exec-3] extracted value ([cli_apel2_0_2_] : [VARCHAR]) - [Tango]
2021-12-04 21:02:06,695 TRACE org.hibernate.type.descriptor.sql.BasicExtractor [http-nio-8090-exec-3] extracted value ([cli_nomb3_0_2_] : [VARCHAR]) - [Malena]
2021-12-04 21:02:06,700 TRACE org.hibernate.type.descriptor.sql.BasicExtractor [http-nio-8090-exec-3] extracted value ([vta_ngc_5_4_0_] : [BIGINT]) - [3]
2021-12-04 21:02:06,701 TRACE org.hibernate.type.descriptor.sql.BasicExtractor [http-nio-8090-exec-3] extracted value ([vta_id2_4_0_] : [BIGINT]) - [3]
2021-12-04 21:02:06,703 TRACE org.hibernate.type.descriptor.sql.BasicExtractor [http-nio-8090-exec-3] extracted value ([vta_id2_4_1_] : [BIGINT]) - [5]
2021-12-04 21:02:06,705 TRACE org.hibernate.type.descriptor.sql.BasicExtractor [http-nio-8090-exec-3] extracted value ([cli_id1_0_2_] : [BIGINT]) - [1]
2021-12-04 21:02:06,705 TRACE org.hibernate.type.descriptor.sql.BasicExtractor [http-nio-8090-exec-3] extracted value ([tipo_ven1_4_1_] : [VARCHAR]) - [TARJETA]
2021-12-04 21:02:06,706 TRACE org.hibernate.type.descriptor.sql.BasicExtractor [http-nio-8090-exec-3] extracted value ([vta_cli_4_4_1_] : [BIGINT]) - [1]
2021-12-04 21:02:06,707 TRACE org.hibernate.type.descriptor.sql.BasicExtractor [http-nio-8090-exec-3] extracted value ([vta_fech3_4_1_] : [DATE]) - [2021-12-02]
2021-12-04 21:02:06,707 TRACE org.hibernate.type.descriptor.sql.BasicExtractor [http-nio-8090-exec-3] extracted value ([vta_ngc_5_4_1_] : [BIGINT]) - [3]
2021-12-04 21:02:06,707 TRACE org.hibernate.type.descriptor.sql.BasicExtractor [http-nio-8090-exec-3] extracted value ([vtt_cant1_6_1_] : [INTEGER]) - [12]
2021-12-04 21:02:06,708 TRACE org.hibernate.type.descriptor.sql.BasicExtractor [http-nio-8090-exec-3] extracted value ([vtt_coef2_6_1_] : [NUMERIC]) - [0.01]
2021-12-04 21:02:06,708 TRACE org.hibernate.type.descriptor.sql.BasicExtractor [http-nio-8090-exec-3] extracted value ([vta_ngc_5_4_0_] : [BIGINT]) - [3]
2021-12-04 21:02:06,708 TRACE org.hibernate.type.descriptor.sql.BasicExtractor [http-nio-8090-exec-3] extracted value ([vta_id2_4_0_] : [BIGINT]) - [5]
2021-12-04 21:02:06,712 TRACE org.hibernate.type.descriptor.sql.BasicBinder [http-nio-8090-exec-3] binding parameter [1] as [BIGINT] - [3]
2021-12-04 21:02:06,714 TRACE org.hibernate.type.descriptor.sql.BasicExtractor [http-nio-8090-exec-3] extracted value ([itm_id1_3_1_] : [BIGINT]) - [3]
2021-12-04 21:02:06,715 TRACE org.hibernate.type.descriptor.sql.BasicExtractor [http-nio-8090-exec-3] extracted value ([prd_id1_2_2_] : [BIGINT]) - [2]
2021-12-04 21:02:06,718 TRACE org.hibernate.type.descriptor.sql.BasicExtractor [http-nio-8090-exec-3] extracted value ([itm_cant2_3_1_] : [INTEGER]) - [1]
2021-12-04 21:02:06,721 TRACE org.hibernate.type.descriptor.sql.BasicExtractor [http-nio-8090-exec-3] extracted value ([itm_pren3_3_1_] : [BIGINT]) - [2]
2021-12-04 21:02:06,722 TRACE org.hibernate.type.descriptor.sql.BasicExtractor [http-nio-8090-exec-3] extracted value ([itm_vta_4_3_1_] : [BIGINT]) - [3]
2021-12-04 21:02:06,722 TRACE org.hibernate.type.descriptor.sql.BasicExtractor [http-nio-8090-exec-3] extracted value ([prd_desc2_2_2_] : [VARCHAR]) - [Camisa Negra]
2021-12-04 21:02:06,723 TRACE org.hibernate.type.descriptor.sql.BasicExtractor [http-nio-8090-exec-3] extracted value ([prd_prec3_2_2_] : [NUMERIC]) - [999.00]
2021-12-04 21:02:06,724 TRACE org.hibernate.type.descriptor.sql.BasicExtractor [http-nio-8090-exec-3] extracted value ([prd_tipo4_2_2_] : [VARCHAR]) - [CAMISA]
2021-12-04 21:02:06,724 TRACE org.hibernate.type.descriptor.sql.BasicExtractor [http-nio-8090-exec-3] extracted value ([itm_vta_4_3_0_] : [BIGINT]) - [3]
2021-12-04 21:02:06,725 TRACE org.hibernate.type.descriptor.sql.BasicExtractor [http-nio-8090-exec-3] extracted value ([itm_id1_3_0_] : [BIGINT]) - [3]
2021-12-04 21:02:06,729 TRACE org.hibernate.type.descriptor.sql.BasicBinder [http-nio-8090-exec-3] binding parameter [1] as [BIGINT] - [5]
2021-12-04 21:02:06,735 TRACE org.hibernate.type.descriptor.sql.BasicExtractor [http-nio-8090-exec-3] extracted value ([itm_id1_3_1_] : [BIGINT]) - [6]
2021-12-04 21:02:06,737 TRACE org.hibernate.type.descriptor.sql.BasicExtractor [http-nio-8090-exec-3] extracted value ([prd_id1_2_2_] : [BIGINT]) - [2]
2021-12-04 21:02:06,738 TRACE org.hibernate.type.descriptor.sql.BasicExtractor [http-nio-8090-exec-3] extracted value ([itm_cant2_3_1_] : [INTEGER]) - [3]
2021-12-04 21:02:06,739 TRACE org.hibernate.type.descriptor.sql.BasicExtractor [http-nio-8090-exec-3] extracted value ([itm_pren3_3_1_] : [BIGINT]) - [2]
2021-12-04 21:02:06,739 TRACE org.hibernate.type.descriptor.sql.BasicExtractor [http-nio-8090-exec-3] extracted value ([itm_vta_4_3_1_] : [BIGINT]) - [5]
2021-12-04 21:02:06,740 TRACE org.hibernate.type.descriptor.sql.BasicExtractor [http-nio-8090-exec-3] extracted value ([itm_vta_4_3_0_] : [BIGINT]) - [5]
2021-12-04 21:02:06,740 TRACE org.hibernate.type.descriptor.sql.BasicExtractor [http-nio-8090-exec-3] extracted value ([itm_id1_3_0_] : [BIGINT]) - [6]
2021-12-04 21:02:06,740 TRACE org.hibernate.type.descriptor.sql.BasicExtractor [http-nio-8090-exec-3] extracted value ([itm_id1_3_1_] : [BIGINT]) - [7]
2021-12-04 21:02:06,741 TRACE org.hibernate.type.descriptor.sql.BasicExtractor [http-nio-8090-exec-3] extracted value ([prd_id1_2_2_] : [BIGINT]) - [4]
2021-12-04 21:02:06,741 TRACE org.hibernate.type.descriptor.sql.BasicExtractor [http-nio-8090-exec-3] extracted value ([itm_cant2_3_1_] : [INTEGER]) - [1]
2021-12-04 21:02:06,741 TRACE org.hibernate.type.descriptor.sql.BasicExtractor [http-nio-8090-exec-3] extracted value ([itm_pren3_3_1_] : [BIGINT]) - [4]
2021-12-04 21:02:06,742 TRACE org.hibernate.type.descriptor.sql.BasicExtractor [http-nio-8090-exec-3] extracted value ([itm_vta_4_3_1_] : [BIGINT]) - [5]
2021-12-04 21:02:06,742 TRACE org.hibernate.type.descriptor.sql.BasicExtractor [http-nio-8090-exec-3] extracted value ([prd_desc2_2_2_] : [VARCHAR]) - [Pantalón Gabardina Beige]
2021-12-04 21:02:06,744 TRACE org.hibernate.type.descriptor.sql.BasicExtractor [http-nio-8090-exec-3] extracted value ([prd_prec3_2_2_] : [NUMERIC]) - [1004.00]
2021-12-04 21:02:06,745 TRACE org.hibernate.type.descriptor.sql.BasicExtractor [http-nio-8090-exec-3] extracted value ([prd_tipo4_2_2_] : [VARCHAR]) - [PANTALON]
2021-12-04 21:02:06,747 TRACE org.hibernate.type.descriptor.sql.BasicExtractor [http-nio-8090-exec-3] extracted value ([itm_vta_4_3_0_] : [BIGINT]) - [5]
2021-12-04 21:02:06,748 TRACE org.hibernate.type.descriptor.sql.BasicExtractor [http-nio-8090-exec-3] extracted value ([itm_id1_3_0_] : [BIGINT]) - [7]
2021-12-04 21:02:06,750 INFO ar.edu.davinci.dvds20212cg1.OrikaConfiguration$3 [http-nio-8090-exec-3] #### Custom mapping for Negocio --> NegocioResponse ####
2021-12-04 21:02:06,753 TRACE org.hibernate.type.descriptor.sql.BasicBinder [http-nio-8090-exec-3] binding parameter [1] as [BIGINT] - [4]
2021-12-04 21:02:06,755 TRACE org.hibernate.type.descriptor.sql.BasicExtractor [http-nio-8090-exec-3] extracted value ([vta_id2_4_1_] : [BIGINT]) - [4]
2021-12-04 21:02:06,755 TRACE org.hibernate.type.descriptor.sql.BasicExtractor [http-nio-8090-exec-3] extracted value ([cli_id1_0_2_] : [BIGINT]) - [4]
2021-12-04 21:02:06,756 TRACE org.hibernate.type.descriptor.sql.BasicExtractor [http-nio-8090-exec-3] extracted value ([tipo_ven1_4_1_] : [VARCHAR]) - [TARJETA]
2021-12-04 21:02:06,756 TRACE org.hibernate.type.descriptor.sql.BasicExtractor [http-nio-8090-exec-3] extracted value ([vta_cli_4_4_1_] : [BIGINT]) - [4]
2021-12-04 21:02:06,757 TRACE org.hibernate.type.descriptor.sql.BasicExtractor [http-nio-8090-exec-3] extracted value ([vta_fech3_4_1_] : [DATE]) - [2021-12-02]
2021-12-04 21:02:06,757 TRACE org.hibernate.type.descriptor.sql.BasicExtractor [http-nio-8090-exec-3] extracted value ([vta_ngc_5_4_1_] : [BIGINT]) - [4]
2021-12-04 21:02:06,757 TRACE org.hibernate.type.descriptor.sql.BasicExtractor [http-nio-8090-exec-3] extracted value ([vtt_cant1_6_1_] : [INTEGER]) - [12]
2021-12-04 21:02:06,757 TRACE org.hibernate.type.descriptor.sql.BasicExtractor [http-nio-8090-exec-3] extracted value ([vtt_coef2_6_1_] : [NUMERIC]) - [0.01]
2021-12-04 21:02:06,758 TRACE org.hibernate.type.descriptor.sql.BasicExtractor [http-nio-8090-exec-3] extracted value ([cli_apel2_0_2_] : [VARCHAR]) - [Rere]
2021-12-04 21:02:06,758 TRACE org.hibernate.type.descriptor.sql.BasicExtractor [http-nio-8090-exec-3] extracted value ([cli_nomb3_0_2_] : [VARCHAR]) - [Federico]
2021-12-04 21:02:06,759 TRACE org.hibernate.type.descriptor.sql.BasicExtractor [http-nio-8090-exec-3] extracted value ([vta_ngc_5_4_0_] : [BIGINT]) - [4]
2021-12-04 21:02:06,759 TRACE org.hibernate.type.descriptor.sql.BasicExtractor [http-nio-8090-exec-3] extracted value ([vta_id2_4_0_] : [BIGINT]) - [4]
2021-12-04 21:02:06,765 TRACE org.hibernate.type.descriptor.sql.BasicBinder [http-nio-8090-exec-3] binding parameter [1] as [BIGINT] - [4]
2021-12-04 21:02:06,769 TRACE org.hibernate.type.descriptor.sql.BasicExtractor [http-nio-8090-exec-3] extracted value ([itm_id1_3_1_] : [BIGINT]) - [4]
2021-12-04 21:02:06,770 TRACE org.hibernate.type.descriptor.sql.BasicExtractor [http-nio-8090-exec-3] extracted value ([prd_id1_2_2_] : [BIGINT]) - [4]
2021-12-04 21:02:06,771 TRACE org.hibernate.type.descriptor.sql.BasicExtractor [http-nio-8090-exec-3] extracted value ([itm_cant2_3_1_] : [INTEGER]) - [1]
2021-12-04 21:02:06,771 TRACE org.hibernate.type.descriptor.sql.BasicExtractor [http-nio-8090-exec-3] extracted value ([itm_pren3_3_1_] : [BIGINT]) - [4]
2021-12-04 21:02:06,772 TRACE org.hibernate.type.descriptor.sql.BasicExtractor [http-nio-8090-exec-3] extracted value ([itm_vta_4_3_1_] : [BIGINT]) - [4]
2021-12-04 21:02:06,772 TRACE org.hibernate.type.descriptor.sql.BasicExtractor [http-nio-8090-exec-3] extracted value ([itm_vta_4_3_0_] : [BIGINT]) - [4]
2021-12-04 21:02:06,772 TRACE org.hibernate.type.descriptor.sql.BasicExtractor [http-nio-8090-exec-3] extracted value ([itm_id1_3_0_] : [BIGINT]) - [4]
2021-12-04 21:02:54,775 INFO ar.edu.davinci.dvds20212cg1.controller.rest.VentaControllerRest [http-nio-8090-exec-4] listar todas las ventas
2021-12-04 21:02:54,775 DEBUG ar.edu.davinci.dvds20212cg1.services.VentaServiceImpl [http-nio-8090-exec-4] Listado de ventas
2021-12-04 21:02:54,785 TRACE org.hibernate.type.descriptor.sql.BasicExtractor [http-nio-8090-exec-4] extracted value ([vta_id2_4_] : [BIGINT]) - [1]
2021-12-04 21:02:54,786 TRACE org.hibernate.type.descriptor.sql.BasicExtractor [http-nio-8090-exec-4] extracted value ([tipo_ven1_4_] : [VARCHAR]) - [EFECTIVO]
2021-12-04 21:02:54,787 TRACE org.hibernate.type.descriptor.sql.BasicExtractor [http-nio-8090-exec-4] extracted value ([vta_cli_4_4_] : [BIGINT]) - [1]
2021-12-04 21:02:54,788 TRACE org.hibernate.type.descriptor.sql.BasicExtractor [http-nio-8090-exec-4] extracted value ([vta_fech3_4_] : [DATE]) - [2021-12-02]
2021-12-04 21:02:54,789 TRACE org.hibernate.type.descriptor.sql.BasicExtractor [http-nio-8090-exec-4] extracted value ([vta_ngc_5_4_] : [BIGINT]) - [1]
2021-12-04 21:02:54,789 TRACE org.hibernate.type.descriptor.sql.BasicExtractor [http-nio-8090-exec-4] extracted value ([vta_id2_4_] : [BIGINT]) - [2]
2021-12-04 21:02:54,790 TRACE org.hibernate.type.descriptor.sql.BasicExtractor [http-nio-8090-exec-4] extracted value ([tipo_ven1_4_] : [VARCHAR]) - [EFECTIVO]
2021-12-04 21:02:54,790 TRACE org.hibernate.type.descriptor.sql.BasicExtractor [http-nio-8090-exec-4] extracted value ([vta_cli_4_4_] : [BIGINT]) - [2]
2021-12-04 21:02:54,791 TRACE org.hibernate.type.descriptor.sql.BasicExtractor [http-nio-8090-exec-4] extracted value ([vta_fech3_4_] : [DATE]) - [2021-12-02]
2021-12-04 21:02:54,793 TRACE org.hibernate.type.descriptor.sql.BasicExtractor [http-nio-8090-exec-4] extracted value ([vta_ngc_5_4_] : [BIGINT]) - [2]
2021-12-04 21:02:54,793 TRACE org.hibernate.type.descriptor.sql.BasicExtractor [http-nio-8090-exec-4] extracted value ([vta_id2_4_] : [BIGINT]) - [3]
2021-12-04 21:02:54,793 TRACE org.hibernate.type.descriptor.sql.BasicExtractor [http-nio-8090-exec-4] extracted value ([tipo_ven1_4_] : [VARCHAR]) - [TARJETA]
2021-12-04 21:02:54,794 TRACE org.hibernate.type.descriptor.sql.BasicExtractor [http-nio-8090-exec-4] extracted value ([vta_cli_4_4_] : [BIGINT]) - [3]
2021-12-04 21:02:54,794 TRACE org.hibernate.type.descriptor.sql.BasicExtractor [http-nio-8090-exec-4] extracted value ([vta_fech3_4_] : [DATE]) - [2021-12-02]
2021-12-04 21:02:54,795 TRACE org.hibernate.type.descriptor.sql.BasicExtractor [http-nio-8090-exec-4] extracted value ([vta_ngc_5_4_] : [BIGINT]) - [3]
2021-12-04 21:02:54,796 TRACE org.hibernate.type.descriptor.sql.BasicExtractor [http-nio-8090-exec-4] extracted value ([vtt_cant1_6_] : [INTEGER]) - [6]
2021-12-04 21:02:54,797 TRACE org.hibernate.type.descriptor.sql.BasicExtractor [http-nio-8090-exec-4] extracted value ([vtt_coef2_6_] : [NUMERIC]) - [0.01]
2021-12-04 21:02:54,798 TRACE org.hibernate.type.descriptor.sql.BasicExtractor [http-nio-8090-exec-4] extracted value ([vta_id2_4_] : [BIGINT]) - [4]
2021-12-04 21:02:54,799 TRACE org.hibernate.type.descriptor.sql.BasicExtractor [http-nio-8090-exec-4] extracted value ([tipo_ven1_4_] : [VARCHAR]) - [TARJETA]
2021-12-04 21:02:54,799 TRACE org.hibernate.type.descriptor.sql.BasicExtractor [http-nio-8090-exec-4] extracted value ([vta_cli_4_4_] : [BIGINT]) - [4]
2021-12-04 21:02:54,800 TRACE org.hibernate.type.descriptor.sql.BasicExtractor [http-nio-8090-exec-4] extracted value ([vta_fech3_4_] : [DATE]) - [2021-12-02]
2021-12-04 21:02:54,801 TRACE org.hibernate.type.descriptor.sql.BasicExtractor [http-nio-8090-exec-4] extracted value ([vta_ngc_5_4_] : [BIGINT]) - [4]
2021-12-04 21:02:54,802 TRACE org.hibernate.type.descriptor.sql.BasicExtractor [http-nio-8090-exec-4] extracted value ([vtt_cant1_6_] : [INTEGER]) - [12]
2021-12-04 21:02:54,802 TRACE org.hibernate.type.descriptor.sql.BasicExtractor [http-nio-8090-exec-4] extracted value ([vtt_coef2_6_] : [NUMERIC]) - [0.01]
2021-12-04 21:02:54,803 TRACE org.hibernate.type.descriptor.sql.BasicExtractor [http-nio-8090-exec-4] extracted value ([vta_id2_4_] : [BIGINT]) - [5]
2021-12-04 21:02:54,803 TRACE org.hibernate.type.descriptor.sql.BasicExtractor [http-nio-8090-exec-4] extracted value ([tipo_ven1_4_] : [VARCHAR]) - [TARJETA]
2021-12-04 21:02:54,803 TRACE org.hibernate.type.descriptor.sql.BasicExtractor [http-nio-8090-exec-4] extracted value ([vta_cli_4_4_] : [BIGINT]) - [1]
2021-12-04 21:02:54,804 TRACE org.hibernate.type.descriptor.sql.BasicExtractor [http-nio-8090-exec-4] extracted value ([vta_fech3_4_] : [DATE]) - [2021-12-02]
2021-12-04 21:02:54,804 TRACE org.hibernate.type.descriptor.sql.BasicExtractor [http-nio-8090-exec-4] extracted value ([vta_ngc_5_4_] : [BIGINT]) - [3]
2021-12-04 21:02:54,805 TRACE org.hibernate.type.descriptor.sql.BasicExtractor [http-nio-8090-exec-4] extracted value ([vtt_cant1_6_] : [INTEGER]) - [12]
2021-12-04 21:02:54,805 TRACE org.hibernate.type.descriptor.sql.BasicExtractor [http-nio-8090-exec-4] extracted value ([vtt_coef2_6_] : [NUMERIC]) - [0.01]
2021-12-04 21:02:54,806 TRACE org.hibernate.type.descriptor.sql.BasicBinder [http-nio-8090-exec-4] binding parameter [1] as [BIGINT] - [1]
2021-12-04 21:02:54,807 TRACE org.hibernate.type.descriptor.sql.BasicExtractor [http-nio-8090-exec-4] extracted value ([cli_apel2_0_0_] : [VARCHAR]) - [Toyama]
2021-12-04 21:02:54,808 TRACE org.hibernate.type.descriptor.sql.BasicExtractor [http-nio-8090-exec-4] extracted value ([cli_nomb3_0_0_] : [VARCHAR]) - [Rodri]
2021-12-04 21:02:54,809 TRACE org.hibernate.type.descriptor.sql.BasicBinder [http-nio-8090-exec-4] binding parameter [1] as [BIGINT] - [1]
2021-12-04 21:02:54,810 TRACE org.hibernate.type.descriptor.sql.BasicExtractor [http-nio-8090-exec-4] extracted value ([ngc_sucu2_1_0_] : [VARCHAR]) - [DV1]
2021-12-04 21:02:54,811 TRACE org.hibernate.type.descriptor.sql.BasicBinder [http-nio-8090-exec-4] binding parameter [1] as [BIGINT] - [2]
2021-12-04 21:02:54,812 TRACE org.hibernate.type.descriptor.sql.BasicExtractor [http-nio-8090-exec-4] extracted value ([cli_apel2_0_0_] : [VARCHAR]) - [Lujan]
2021-12-04 21:02:54,813 TRACE org.hibernate.type.descriptor.sql.BasicExtractor [http-nio-8090-exec-4] extracted value ([cli_nomb3_0_0_] : [VARCHAR]) - [Marcelo]
2021-12-04 21:02:54,815 TRACE org.hibernate.type.descriptor.sql.BasicBinder [http-nio-8090-exec-4] binding parameter [1] as [BIGINT] - [2]
2021-12-04 21:02:54,816 TRACE org.hibernate.type.descriptor.sql.BasicExtractor [http-nio-8090-exec-4] extracted value ([ngc_sucu2_1_0_] : [VARCHAR]) - [DV2]
2021-12-04 21:02:54,817 TRACE org.hibernate.type.descriptor.sql.BasicBinder [http-nio-8090-exec-4] binding parameter [1] as [BIGINT] - [3]
2021-12-04 21:02:54,818 TRACE org.hibernate.type.descriptor.sql.BasicExtractor [http-nio-8090-exec-4] extracted value ([cli_apel2_0_0_] : [VARCHAR]) - [Tango]
2021-12-04 21:02:54,819 TRACE org.hibernate.type.descriptor.sql.BasicExtractor [http-nio-8090-exec-4] extracted value ([cli_nomb3_0_0_] : [VARCHAR]) - [Malena]
2021-12-04 21:02:54,820 TRACE org.hibernate.type.descriptor.sql.BasicBinder [http-nio-8090-exec-4] binding parameter [1] as [BIGINT] - [3]
2021-12-04 21:02:54,821 TRACE org.hibernate.type.descriptor.sql.BasicExtractor [http-nio-8090-exec-4] extracted value ([ngc_sucu2_1_0_] : [VARCHAR]) - [DV3]
2021-12-04 21:02:54,822 TRACE org.hibernate.type.descriptor.sql.BasicBinder [http-nio-8090-exec-4] binding parameter [1] as [BIGINT] - [4]
2021-12-04 21:02:54,823 TRACE org.hibernate.type.descriptor.sql.BasicExtractor [http-nio-8090-exec-4] extracted value ([cli_apel2_0_0_] : [VARCHAR]) - [Rere]
2021-12-04 21:02:54,823 TRACE org.hibernate.type.descriptor.sql.BasicExtractor [http-nio-8090-exec-4] extracted value ([cli_nomb3_0_0_] : [VARCHAR]) - [Federico]
2021-12-04 21:02:54,824 TRACE org.hibernate.type.descriptor.sql.BasicBinder [http-nio-8090-exec-4] binding parameter [1] as [BIGINT] - [4]
2021-12-04 21:02:54,825 TRACE org.hibernate.type.descriptor.sql.BasicExtractor [http-nio-8090-exec-4] extracted value ([ngc_sucu2_1_0_] : [VARCHAR]) - [Lo de Sergio]
2021-12-04 21:02:54,834 TRACE org.hibernate.type.descriptor.sql.BasicBinder [http-nio-8090-exec-4] binding parameter [1] as [BIGINT] - [1]
2021-12-04 21:02:54,837 TRACE org.hibernate.type.descriptor.sql.BasicBinder [http-nio-8090-exec-4] binding parameter [1] as [BIGINT] - [2]
2021-12-04 21:02:54,842 TRACE org.hibernate.type.descriptor.sql.BasicBinder [http-nio-8090-exec-4] binding parameter [1] as [BIGINT] - [3]
2021-12-04 21:02:54,843 TRACE org.hibernate.type.descriptor.sql.BasicExtractor [http-nio-8090-exec-4] extracted value ([itm_id1_3_1_] : [BIGINT]) - [3]
2021-12-04 21:02:54,843 TRACE org.hibernate.type.descriptor.sql.BasicExtractor [http-nio-8090-exec-4] extracted value ([prd_id1_2_2_] : [BIGINT]) - [2]
2021-12-04 21:02:54,843 TRACE org.hibernate.type.descriptor.sql.BasicExtractor [http-nio-8090-exec-4] extracted value ([itm_cant2_3_1_] : [INTEGER]) - [1]
2021-12-04 21:02:54,844 TRACE org.hibernate.type.descriptor.sql.BasicExtractor [http-nio-8090-exec-4] extracted value ([itm_pren3_3_1_] : [BIGINT]) - [2]
2021-12-04 21:02:54,844 TRACE org.hibernate.type.descriptor.sql.BasicExtractor [http-nio-8090-exec-4] extracted value ([itm_vta_4_3_1_] : [BIGINT]) - [3]
2021-12-04 21:02:54,844 TRACE org.hibernate.type.descriptor.sql.BasicExtractor [http-nio-8090-exec-4] extracted value ([prd_desc2_2_2_] : [VARCHAR]) - [Camisa Negra]
2021-12-04 21:02:54,844 TRACE org.hibernate.type.descriptor.sql.BasicExtractor [http-nio-8090-exec-4] extracted value ([prd_prec3_2_2_] : [NUMERIC]) - [999.00]
2021-12-04 21:02:54,845 TRACE org.hibernate.type.descriptor.sql.BasicExtractor [http-nio-8090-exec-4] extracted value ([prd_tipo4_2_2_] : [VARCHAR]) - [CAMISA]
2021-12-04 21:02:54,845 TRACE org.hibernate.type.descriptor.sql.BasicExtractor [http-nio-8090-exec-4] extracted value ([itm_vta_4_3_0_] : [BIGINT]) - [3]
2021-12-04 21:02:54,846 TRACE org.hibernate.type.descriptor.sql.BasicExtractor [http-nio-8090-exec-4] extracted value ([itm_id1_3_0_] : [BIGINT]) - [3]
2021-12-04 21:02:54,852 TRACE org.hibernate.type.descriptor.sql.BasicBinder [http-nio-8090-exec-4] binding parameter [1] as [BIGINT] - [4]
2021-12-04 21:02:54,853 TRACE org.hibernate.type.descriptor.sql.BasicExtractor [http-nio-8090-exec-4] extracted value ([itm_id1_3_1_] : [BIGINT]) - [4]
2021-12-04 21:02:54,854 TRACE org.hibernate.type.descriptor.sql.BasicExtractor [http-nio-8090-exec-4] extracted value ([prd_id1_2_2_] : [BIGINT]) - [4]
2021-12-04 21:02:54,854 TRACE org.hibernate.type.descriptor.sql.BasicExtractor [http-nio-8090-exec-4] extracted value ([itm_cant2_3_1_] : [INTEGER]) - [1]
2021-12-04 21:02:54,855 TRACE org.hibernate.type.descriptor.sql.BasicExtractor [http-nio-8090-exec-4] extracted value ([itm_pren3_3_1_] : [BIGINT]) - [4]
2021-12-04 21:02:54,855 TRACE org.hibernate.type.descriptor.sql.BasicExtractor [http-nio-8090-exec-4] extracted value ([itm_vta_4_3_1_] : [BIGINT]) - [4]
2021-12-04 21:02:54,855 TRACE org.hibernate.type.descriptor.sql.BasicExtractor [http-nio-8090-exec-4] extracted value ([prd_desc2_2_2_] : [VARCHAR]) - [Pantalón Gabardina Beige]
2021-12-04 21:02:54,856 TRACE org.hibernate.type.descriptor.sql.BasicExtractor [http-nio-8090-exec-4] extracted value ([prd_prec3_2_2_] : [NUMERIC]) - [1004.00]
2021-12-04 21:02:54,856 TRACE org.hibernate.type.descriptor.sql.BasicExtractor [http-nio-8090-exec-4] extracted value ([prd_tipo4_2_2_] : [VARCHAR]) - [PANTALON]
2021-12-04 21:02:54,856 TRACE org.hibernate.type.descriptor.sql.BasicExtractor [http-nio-8090-exec-4] extracted value ([itm_vta_4_3_0_] : [BIGINT]) - [4]
2021-12-04 21:02:54,857 TRACE org.hibernate.type.descriptor.sql.BasicExtractor [http-nio-8090-exec-4] extracted value ([itm_id1_3_0_] : [BIGINT]) - [4]
2021-12-04 21:02:54,859 TRACE org.hibernate.type.descriptor.sql.BasicBinder [http-nio-8090-exec-4] binding parameter [1] as [BIGINT] - [5]
2021-12-04 21:02:54,860 TRACE org.hibernate.type.descriptor.sql.BasicExtractor [http-nio-8090-exec-4] extracted value ([itm_id1_3_1_] : [BIGINT]) - [6]
2021-12-04 21:02:54,861 TRACE org.hibernate.type.descriptor.sql.BasicExtractor [http-nio-8090-exec-4] extracted value ([prd_id1_2_2_] : [BIGINT]) - [2]
2021-12-04 21:02:54,861 TRACE org.hibernate.type.descriptor.sql.BasicExtractor [http-nio-8090-exec-4] extracted value ([itm_cant2_3_1_] : [INTEGER]) - [3]
2021-12-04 21:02:54,861 TRACE org.hibernate.type.descriptor.sql.BasicExtractor [http-nio-8090-exec-4] extracted value ([itm_pren3_3_1_] : [BIGINT]) - [2]
2021-12-04 21:02:54,862 TRACE org.hibernate.type.descriptor.sql.BasicExtractor [http-nio-8090-exec-4] extracted value ([itm_vta_4_3_1_] : [BIGINT]) - [5]
2021-12-04 21:02:54,863 TRACE org.hibernate.type.descriptor.sql.BasicExtractor [http-nio-8090-exec-4] extracted value ([itm_vta_4_3_0_] : [BIGINT]) - [5]
2021-12-04 21:02:54,864 TRACE org.hibernate.type.descriptor.sql.BasicExtractor [http-nio-8090-exec-4] extracted value ([itm_id1_3_0_] : [BIGINT]) - [6]
2021-12-04 21:02:54,865 TRACE org.hibernate.type.descriptor.sql.BasicExtractor [http-nio-8090-exec-4] extracted value ([itm_id1_3_1_] : [BIGINT]) - [7]
2021-12-04 21:02:54,866 TRACE org.hibernate.type.descriptor.sql.BasicExtractor [http-nio-8090-exec-4] extracted value ([prd_id1_2_2_] : [BIGINT]) - [4]
2021-12-04 21:02:54,867 TRACE org.hibernate.type.descriptor.sql.BasicExtractor [http-nio-8090-exec-4] extracted value ([itm_cant2_3_1_] : [INTEGER]) - [1]
2021-12-04 21:02:54,868 TRACE org.hibernate.type.descriptor.sql.BasicExtractor [http-nio-8090-exec-4] extracted value ([itm_pren3_3_1_] : [BIGINT]) - [4]
2021-12-04 21:02:54,869 TRACE org.hibernate.type.descriptor.sql.BasicExtractor [http-nio-8090-exec-4] extracted value ([itm_vta_4_3_1_] : [BIGINT]) - [5]
2021-12-04 21:02:54,870 TRACE org.hibernate.type.descriptor.sql.BasicExtractor [http-nio-8090-exec-4] extracted value ([itm_vta_4_3_0_] : [BIGINT]) - [5]
2021-12-04 21:02:54,870 TRACE org.hibernate.type.descriptor.sql.BasicExtractor [http-nio-8090-exec-4] extracted value ([itm_id1_3_0_] : [BIGINT]) - [7]
2021-12-04 21:33:21,235 INFO ar.edu.davinci.dvds20212cg1.controller.rest.VentaControllerRest [http-nio-8090-exec-7] listar todas las ventas
2021-12-04 21:33:21,236 DEBUG ar.edu.davinci.dvds20212cg1.services.VentaServiceImpl [http-nio-8090-exec-7] Listado de ventas
2021-12-04 21:33:21,239 TRACE org.hibernate.type.descriptor.sql.BasicExtractor [http-nio-8090-exec-7] extracted value ([vta_id2_4_] : [BIGINT]) - [1]
2021-12-04 21:33:21,240 TRACE org.hibernate.type.descriptor.sql.BasicExtractor [http-nio-8090-exec-7] extracted value ([tipo_ven1_4_] : [VARCHAR]) - [EFECTIVO]
2021-12-04 21:33:21,240 TRACE org.hibernate.type.descriptor.sql.BasicExtractor [http-nio-8090-exec-7] extracted value ([vta_cli_4_4_] : [BIGINT]) - [1]
2021-12-04 21:33:21,242 TRACE org.hibernate.type.descriptor.sql.BasicExtractor [http-nio-8090-exec-7] extracted value ([vta_fech3_4_] : [DATE]) - [2021-12-02]
2021-12-04 21:33:21,242 TRACE org.hibernate.type.descriptor.sql.BasicExtractor [http-nio-8090-exec-7] extracted value ([vta_ngc_5_4_] : [BIGINT]) - [1]
2021-12-04 21:33:21,243 TRACE org.hibernate.type.descriptor.sql.BasicExtractor [http-nio-8090-exec-7] extracted value ([vta_id2_4_] : [BIGINT]) - [2]
2021-12-04 21:33:21,244 TRACE org.hibernate.type.descriptor.sql.BasicExtractor [http-nio-8090-exec-7] extracted value ([tipo_ven1_4_] : [VARCHAR]) - [EFECTIVO]
2021-12-04 21:33:21,244 TRACE org.hibernate.type.descriptor.sql.BasicExtractor [http-nio-8090-exec-7] extracted value ([vta_cli_4_4_] : [BIGINT]) - [2]
2021-12-04 21:33:21,245 TRACE org.hibernate.type.descriptor.sql.BasicExtractor [http-nio-8090-exec-7] extracted value ([vta_fech3_4_] : [DATE]) - [2021-12-02]
2021-12-04 21:33:21,245 TRACE org.hibernate.type.descriptor.sql.BasicExtractor [http-nio-8090-exec-7] extracted value ([vta_ngc_5_4_] : [BIGINT]) - [2]
2021-12-04 21:33:21,246 TRACE org.hibernate.type.descriptor.sql.BasicExtractor [http-nio-8090-exec-7] extracted value ([vta_id2_4_] : [BIGINT]) - [3]
2021-12-04 21:33:21,247 TRACE org.hibernate.type.descriptor.sql.BasicExtractor [http-nio-8090-exec-7] extracted value ([tipo_ven1_4_] : [VARCHAR]) - [TARJETA]
2021-12-04 21:33:21,248 TRACE org.hibernate.type.descriptor.sql.BasicExtractor [http-nio-8090-exec-7] extracted value ([vta_cli_4_4_] : [BIGINT]) - [3]
2021-12-04 21:33:21,248 TRACE org.hibernate.type.descriptor.sql.BasicExtractor [http-nio-8090-exec-7] extracted value ([vta_fech3_4_] : [DATE]) - [2021-12-02]
2021-12-04 21:33:21,248 TRACE org.hibernate.type.descriptor.sql.BasicExtractor [http-nio-8090-exec-7] extracted value ([vta_ngc_5_4_] : [BIGINT]) - [3]
2021-12-04 21:33:21,249 TRACE org.hibernate.type.descriptor.sql.BasicExtractor [http-nio-8090-exec-7] extracted value ([vtt_cant1_6_] : [INTEGER]) - [6]
2021-12-04 21:33:21,249 TRACE org.hibernate.type.descriptor.sql.BasicExtractor [http-nio-8090-exec-7] extracted value ([vtt_coef2_6_] : [NUMERIC]) - [0.01]
2021-12-04 21:33:21,250 TRACE org.hibernate.type.descriptor.sql.BasicExtractor [http-nio-8090-exec-7] extracted value ([vta_id2_4_] : [BIGINT]) - [4]
2021-12-04 21:33:21,250 TRACE org.hibernate.type.descriptor.sql.BasicExtractor [http-nio-8090-exec-7] extracted value ([tipo_ven1_4_] : [VARCHAR]) - [TARJETA]
2021-12-04 21:33:21,251 TRACE org.hibernate.type.descriptor.sql.BasicExtractor [http-nio-8090-exec-7] extracted value ([vta_cli_4_4_] : [BIGINT]) - [4]
2021-12-04 21:33:21,251 TRACE org.hibernate.type.descriptor.sql.BasicExtractor [http-nio-8090-exec-7] extracted value ([vta_fech3_4_] : [DATE]) - [2021-12-02]
2021-12-04 21:33:21,252 TRACE org.hibernate.type.descriptor.sql.BasicExtractor [http-nio-8090-exec-7] extracted value ([vta_ngc_5_4_] : [BIGINT]) - [4]
2021-12-04 21:33:21,252 TRACE org.hibernate.type.descriptor.sql.BasicExtractor [http-nio-8090-exec-7] extracted value ([vtt_cant1_6_] : [INTEGER]) - [12]
2021-12-04 21:33:21,253 TRACE org.hibernate.type.descriptor.sql.BasicExtractor [http-nio-8090-exec-7] extracted value ([vtt_coef2_6_] : [NUMERIC]) - [0.01]
2021-12-04 21:33:21,253 TRACE org.hibernate.type.descriptor.sql.BasicExtractor [http-nio-8090-exec-7] extracted value ([vta_id2_4_] : [BIGINT]) - [5]
2021-12-04 21:33:21,253 TRACE org.hibernate.type.descriptor.sql.BasicExtractor [http-nio-8090-exec-7] extracted value ([tipo_ven1_4_] : [VARCHAR]) - [TARJETA]
2021-12-04 21:33:21,254 TRACE org.hibernate.type.descriptor.sql.BasicExtractor [http-nio-8090-exec-7] extracted value ([vta_cli_4_4_] : [BIGINT]) - [1]
2021-12-04 21:33:21,254 TRACE org.hibernate.type.descriptor.sql.BasicExtractor [http-nio-8090-exec-7] extracted value ([vta_fech3_4_] : [DATE]) - [2021-12-02]
2021-12-04 21:33:21,255 TRACE org.hibernate.type.descriptor.sql.BasicExtractor [http-nio-8090-exec-7] extracted value ([vta_ngc_5_4_] : [BIGINT]) - [3]
2021-12-04 21:33:21,255 TRACE org.hibernate.type.descriptor.sql.BasicExtractor [http-nio-8090-exec-7] extracted value ([vtt_cant1_6_] : [INTEGER]) - [12]
2021-12-04 21:33:21,255 TRACE org.hibernate.type.descriptor.sql.BasicExtractor [http-nio-8090-exec-7] extracted value ([vtt_coef2_6_] : [NUMERIC]) - [0.01]
2021-12-04 21:33:21,257 TRACE org.hibernate.type.descriptor.sql.BasicBinder [http-nio-8090-exec-7] binding parameter [1] as [BIGINT] - [1]
2021-12-04 21:33:21,259 TRACE org.hibernate.type.descriptor.sql.BasicExtractor [http-nio-8090-exec-7] extracted value ([cli_apel2_0_0_] : [VARCHAR]) - [Toyama]
2021-12-04 21:33:21,259 TRACE org.hibernate.type.descriptor.sql.BasicExtractor [http-nio-8090-exec-7] extracted value ([cli_nomb3_0_0_] : [VARCHAR]) - [Rodri]
2021-12-04 21:33:21,261 TRACE org.hibernate.type.descriptor.sql.BasicBinder [http-nio-8090-exec-7] binding parameter [1] as [BIGINT] - [1]
2021-12-04 21:33:21,262 TRACE org.hibernate.type.descriptor.sql.BasicExtractor [http-nio-8090-exec-7] extracted value ([ngc_sucu2_1_0_] : [VARCHAR]) - [DV1]
2021-12-04 21:33:21,264 TRACE org.hibernate.type.descriptor.sql.BasicBinder [http-nio-8090-exec-7] binding parameter [1] as [BIGINT] - [2]
2021-12-04 21:33:21,265 TRACE org.hibernate.type.descriptor.sql.BasicExtractor [http-nio-8090-exec-7] extracted value ([cli_apel2_0_0_] : [VARCHAR]) - [Lujan]
2021-12-04 21:33:21,265 TRACE org.hibernate.type.descriptor.sql.BasicExtractor [http-nio-8090-exec-7] extracted value ([cli_nomb3_0_0_] : [VARCHAR]) - [Marcelo]
2021-12-04 21:33:21,266 TRACE org.hibernate.type.descriptor.sql.BasicBinder [http-nio-8090-exec-7] binding parameter [1] as [BIGINT] - [2]
2021-12-04 21:33:21,267 TRACE org.hibernate.type.descriptor.sql.BasicExtractor [http-nio-8090-exec-7] extracted value ([ngc_sucu2_1_0_] : [VARCHAR]) - [DV2]
2021-12-04 21:33:21,269 TRACE org.hibernate.type.descriptor.sql.BasicBinder [http-nio-8090-exec-7] binding parameter [1] as [BIGINT] - [3]
2021-12-04 21:33:21,270 TRACE org.hibernate.type.descriptor.sql.BasicExtractor [http-nio-8090-exec-7] extracted value ([cli_apel2_0_0_] : [VARCHAR]) - [Tango]
2021-12-04 21:33:21,271 TRACE org.hibernate.type.descriptor.sql.BasicExtractor [http-nio-8090-exec-7] extracted value ([cli_nomb3_0_0_] : [VARCHAR]) - [Malena]
2021-12-04 21:33:21,273 TRACE org.hibernate.type.descriptor.sql.BasicBinder [http-nio-8090-exec-7] binding parameter [1] as [BIGINT] - [3]
2021-12-04 21:33:21,275 TRACE org.hibernate.type.descriptor.sql.BasicExtractor [http-nio-8090-exec-7] extracted value ([ngc_sucu2_1_0_] : [VARCHAR]) - [DV3]
2021-12-04 21:33:21,277 TRACE org.hibernate.type.descriptor.sql.BasicBinder [http-nio-8090-exec-7] binding parameter [1] as [BIGINT] - [4]
2021-12-04 21:33:21,278 TRACE org.hibernate.type.descriptor.sql.BasicExtractor [http-nio-8090-exec-7] extracted value ([cli_apel2_0_0_] : [VARCHAR]) - [Rere]
2021-12-04 21:33:21,279 TRACE org.hibernate.type.descriptor.sql.BasicExtractor [http-nio-8090-exec-7] extracted value ([cli_nomb3_0_0_] : [VARCHAR]) - [Federico]
2021-12-04 21:33:21,280 TRACE org.hibernate.type.descriptor.sql.BasicBinder [http-nio-8090-exec-7] binding parameter [1] as [BIGINT] - [4]
2021-12-04 21:33:21,281 TRACE org.hibernate.type.descriptor.sql.BasicExtractor [http-nio-8090-exec-7] extracted value ([ngc_sucu2_1_0_] : [VARCHAR]) - [Lo de Sergio]
2021-12-04 21:33:21,285 TRACE org.hibernate.type.descriptor.sql.BasicBinder [http-nio-8090-exec-7] binding parameter [1] as [BIGINT] - [1]
2021-12-04 21:33:21,287 TRACE org.hibernate.type.descriptor.sql.BasicBinder [http-nio-8090-exec-7] binding parameter [1] as [BIGINT] - [2]
2021-12-04 21:33:21,290 TRACE org.hibernate.type.descriptor.sql.BasicBinder [http-nio-8090-exec-7] binding parameter [1] as [BIGINT] - [3]
2021-12-04 21:33:21,291 TRACE org.hibernate.type.descriptor.sql.BasicExtractor [http-nio-8090-exec-7] extracted value ([itm_id1_3_1_] : [BIGINT]) - [3]
2021-12-04 21:33:21,292 TRACE org.hibernate.type.descriptor.sql.BasicExtractor [http-nio-8090-exec-7] extracted value ([prd_id1_2_2_] : [BIGINT]) - [2]
2021-12-04 21:33:21,292 TRACE org.hibernate.type.descriptor.sql.BasicExtractor [http-nio-8090-exec-7] extracted value ([itm_cant2_3_1_] : [INTEGER]) - [1]
2021-12-04 21:33:21,292 TRACE org.hibernate.type.descriptor.sql.BasicExtractor [http-nio-8090-exec-7] extracted value ([itm_pren3_3_1_] : [BIGINT]) - [2]
2021-12-04 21:33:21,293 TRACE org.hibernate.type.descriptor.sql.BasicExtractor [http-nio-8090-exec-7] extracted value ([itm_vta_4_3_1_] : [BIGINT]) - [3]
2021-12-04 21:33:21,293 TRACE org.hibernate.type.descriptor.sql.BasicExtractor [http-nio-8090-exec-7] extracted value ([prd_desc2_2_2_] : [VARCHAR]) - [Camisa Negra]
2021-12-04 21:33:21,294 TRACE org.hibernate.type.descriptor.sql.BasicExtractor [http-nio-8090-exec-7] extracted value ([prd_prec3_2_2_] : [NUMERIC]) - [999.00]
2021-12-04 21:33:21,295 TRACE org.hibernate.type.descriptor.sql.BasicExtractor [http-nio-8090-exec-7] extracted value ([prd_tipo4_2_2_] : [VARCHAR]) - [CAMISA]
2021-12-04 21:33:21,295 TRACE org.hibernate.type.descriptor.sql.BasicExtractor [http-nio-8090-exec-7] extracted value ([itm_vta_4_3_0_] : [BIGINT]) - [3]
2021-12-04 21:33:21,295 TRACE org.hibernate.type.descriptor.sql.BasicExtractor [http-nio-8090-exec-7] extracted value ([itm_id1_3_0_] : [BIGINT]) - [3]
2021-12-04 21:33:21,298 TRACE org.hibernate.type.descriptor.sql.BasicBinder [http-nio-8090-exec-7] binding parameter [1] as [BIGINT] - [4]
2021-12-04 21:33:21,299 TRACE org.hibernate.type.descriptor.sql.BasicExtractor [http-nio-8090-exec-7] extracted value ([itm_id1_3_1_] : [BIGINT]) - [4]
2021-12-04 21:33:21,300 TRACE org.hibernate.type.descriptor.sql.BasicExtractor [http-nio-8090-exec-7] extracted value ([prd_id1_2_2_] : [BIGINT]) - [4]
2021-12-04 21:33:21,300 TRACE org.hibernate.type.descriptor.sql.BasicExtractor [http-nio-8090-exec-7] extracted value ([itm_cant2_3_1_] : [INTEGER]) - [1]
2021-12-04 21:33:21,301 TRACE org.hibernate.type.descriptor.sql.BasicExtractor [http-nio-8090-exec-7] extracted value ([itm_pren3_3_1_] : [BIGINT]) - [4]
2021-12-04 21:33:21,301 TRACE org.hibernate.type.descriptor.sql.BasicExtractor [http-nio-8090-exec-7] extracted value ([itm_vta_4_3_1_] : [BIGINT]) - [4]
2021-12-04 21:33:21,302 TRACE org.hibernate.type.descriptor.sql.BasicExtractor [http-nio-8090-exec-7] extracted value ([prd_desc2_2_2_] : [VARCHAR]) - [Pantalón Gabardina Beige]
2021-12-04 21:33:21,302 TRACE org.hibernate.type.descriptor.sql.BasicExtractor [http-nio-8090-exec-7] extracted value ([prd_prec3_2_2_] : [NUMERIC]) - [1004.00]
2021-12-04 21:33:21,302 TRACE org.hibernate.type.descriptor.sql.BasicExtractor [http-nio-8090-exec-7] extracted value ([prd_tipo4_2_2_] : [VARCHAR]) - [PANTALON]
2021-12-04 21:33:21,303 TRACE org.hibernate.type.descriptor.sql.BasicExtractor [http-nio-8090-exec-7] extracted value ([itm_vta_4_3_0_] : [BIGINT]) - [4]
2021-12-04 21:33:21,303 TRACE org.hibernate.type.descriptor.sql.BasicExtractor [http-nio-8090-exec-7] extracted value ([itm_id1_3_0_] : [BIGINT]) - [4]
2021-12-04 21:33:21,306 TRACE org.hibernate.type.descriptor.sql.BasicBinder [http-nio-8090-exec-7] binding parameter [1] as [BIGINT] - [5]
2021-12-04 21:33:21,307 TRACE org.hibernate.type.descriptor.sql.BasicExtractor [http-nio-8090-exec-7] extracted value ([itm_id1_3_1_] : [BIGINT]) - [6]
2021-12-04 21:33:21,308 TRACE org.hibernate.type.descriptor.sql.BasicExtractor [http-nio-8090-exec-7] extracted value ([prd_id1_2_2_] : [BIGINT]) - [2]
2021-12-04 21:33:21,309 TRACE org.hibernate.type.descriptor.sql.BasicExtractor [http-nio-8090-exec-7] extracted value ([itm_cant2_3_1_] : [INTEGER]) - [3]
2021-12-04 21:33:21,309 TRACE org.hibernate.type.descriptor.sql.BasicExtractor [http-nio-8090-exec-7] extracted value ([itm_pren3_3_1_] : [BIGINT]) - [2]
2021-12-04 21:33:21,309 TRACE org.hibernate.type.descriptor.sql.BasicExtractor [http-nio-8090-exec-7] extracted value ([itm_vta_4_3_1_] : [BIGINT]) - [5]
2021-12-04 21:33:21,310 TRACE org.hibernate.type.descriptor.sql.BasicExtractor [http-nio-8090-exec-7] extracted value ([itm_vta_4_3_0_] : [BIGINT]) - [5]
2021-12-04 21:33:21,311 TRACE org.hibernate.type.descriptor.sql.BasicExtractor [http-nio-8090-exec-7] extracted value ([itm_id1_3_0_] : [BIGINT]) - [6]
2021-12-04 21:33:21,312 TRACE org.hibernate.type.descriptor.sql.BasicExtractor [http-nio-8090-exec-7] extracted value ([itm_id1_3_1_] : [BIGINT]) - [7]
2021-12-04 21:33:21,312 TRACE org.hibernate.type.descriptor.sql.BasicExtractor [http-nio-8090-exec-7] extracted value ([prd_id1_2_2_] : [BIGINT]) - [4]
2021-12-04 21:33:21,312 TRACE org.hibernate.type.descriptor.sql.BasicExtractor [http-nio-8090-exec-7] extracted value ([itm_cant2_3_1_] : [INTEGER]) - [1]
2021-12-04 21:33:21,313 TRACE org.hibernate.type.descriptor.sql.BasicExtractor [http-nio-8090-exec-7] extracted value ([itm_pren3_3_1_] : [BIGINT]) - [4]
2021-12-04 21:33:21,313 TRACE org.hibernate.type.descriptor.sql.BasicExtractor [http-nio-8090-exec-7] extracted value ([itm_vta_4_3_1_] : [BIGINT]) - [5]
2021-12-04 21:33:21,313 TRACE org.hibernate.type.descriptor.sql.BasicExtractor [http-nio-8090-exec-7] extracted value ([itm_vta_4_3_0_] : [BIGINT]) - [5]
2021-12-04 21:33:21,313 TRACE org.hibernate.type.descriptor.sql.BasicExtractor [http-nio-8090-exec-7] extracted value ([itm_id1_3_0_] : [BIGINT]) - [7]
2021-12-04 23:21:59,815 INFO ar.edu.davinci.dvds20212cg1.controller.rest.VentaControllerRest [http-nio-8090-exec-10] Guardar item a la venta con id: 2
2021-12-04 23:21:59,835 INFO ar.edu.davinci.dvds20212cg1.OrikaConfiguration$4 [http-nio-8090-exec-10] #### Custom mapping for itemInsertRequest --> Item ####
2021-12-04 23:21:59,880 TRACE org.hibernate.type.descriptor.sql.BasicBinder [http-nio-8090-exec-10] binding parameter [1] as [BIGINT] - [2]
2021-12-04 23:21:59,883 TRACE org.hibernate.type.descriptor.sql.BasicExtractor [http-nio-8090-exec-10] extracted value ([cli_id1_0_1_] : [BIGINT]) - [2]
2021-12-04 23:21:59,883 TRACE org.hibernate.type.descriptor.sql.BasicExtractor [http-nio-8090-exec-10] extracted value ([ngc_id1_1_2_] : [BIGINT]) - [2]
2021-12-04 23:21:59,884 TRACE org.hibernate.type.descriptor.sql.BasicExtractor [http-nio-8090-exec-10] extracted value ([tipo_ven1_4_0_] : [VARCHAR]) - [EFECTIVO]
2021-12-04 23:21:59,885 TRACE org.hibernate.type.descriptor.sql.BasicExtractor [http-nio-8090-exec-10] extracted value ([vta_cli_4_4_0_] : [BIGINT]) - [2]
2021-12-04 23:21:59,886 TRACE org.hibernate.type.descriptor.sql.BasicExtractor [http-nio-8090-exec-10] extracted value ([vta_fech3_4_0_] : [DATE]) - [2021-12-02]
2021-12-04 23:21:59,887 TRACE org.hibernate.type.descriptor.sql.BasicExtractor [http-nio-8090-exec-10] extracted value ([vta_ngc_5_4_0_] : [BIGINT]) - [2]
2021-12-04 23:21:59,887 TRACE org.hibernate.type.descriptor.sql.BasicExtractor [http-nio-8090-exec-10] extracted value ([cli_apel2_0_1_] : [VARCHAR]) - [Lujan]
2021-12-04 23:21:59,888 TRACE org.hibernate.type.descriptor.sql.BasicExtractor [http-nio-8090-exec-10] extracted value ([cli_nomb3_0_1_] : [VARCHAR]) - [Marcelo]
2021-12-04 23:21:59,888 TRACE org.hibernate.type.descriptor.sql.BasicExtractor [http-nio-8090-exec-10] extracted value ([ngc_sucu2_1_2_] : [VARCHAR]) - [DV2]
2021-12-04 23:21:59,892 DEBUG ar.edu.davinci.dvds20212cg1.services.PrendaServiceImpl [http-nio-8090-exec-10] Busqueda de una prenda por ID
2021-12-04 23:21:59,896 TRACE org.hibernate.type.descriptor.sql.BasicBinder [http-nio-8090-exec-10] binding parameter [1] as [BIGINT] - [4]
2021-12-04 23:21:59,897 TRACE org.hibernate.type.descriptor.sql.BasicExtractor [http-nio-8090-exec-10] extracted value ([prd_desc2_2_0_] : [VARCHAR]) - [Pantalón Gabardina Beige]
2021-12-04 23:21:59,898 TRACE org.hibernate.type.descriptor.sql.BasicExtractor [http-nio-8090-exec-10] extracted value ([prd_prec3_2_0_] : [NUMERIC]) - [1004.00]
2021-12-04 23:21:59,898 TRACE org.hibernate.type.descriptor.sql.BasicExtractor [http-nio-8090-exec-10] extracted value ([prd_tipo4_2_0_] : [VARCHAR]) - [PANTALON]
2021-12-04 23:21:59,905 DEBUG ar.edu.davinci.dvds20212cg1.services.ItemServiceImpl [http-nio-8090-exec-10] Guardamos el item con el id: null
2021-12-04 23:22:00,032 TRACE org.hibernate.type.descriptor.sql.BasicBinder [http-nio-8090-exec-10] binding parameter [1] as [INTEGER] - [1]
2021-12-04 23:22:00,033 TRACE org.hibernate.type.descriptor.sql.BasicBinder [http-nio-8090-exec-10] binding parameter [2] as [BIGINT] - [4]
2021-12-04 23:22:00,033 TRACE org.hibernate.type.descriptor.sql.BasicBinder [http-nio-8090-exec-10] binding parameter [3] as [BIGINT] - [2]
2021-12-04 23:22:00,064 INFO ar.edu.davinci.dvds20212cg1.OrikaConfiguration$7 [http-nio-8090-exec-10] #### Custom mapping for VentaEfectivo --> VentaEfectivoResponse ####
2021-12-04 23:22:00,068 TRACE org.hibernate.type.descriptor.sql.BasicBinder [http-nio-8090-exec-10] binding parameter [1] as [BIGINT] - [2]
2021-12-04 23:22:00,070 TRACE org.hibernate.type.descriptor.sql.BasicExtractor [http-nio-8090-exec-10] extracted value ([vta_id2_4_1_] : [BIGINT]) - [2]
2021-12-04 23:22:00,070 TRACE org.hibernate.type.descriptor.sql.BasicExtractor [http-nio-8090-exec-10] extracted value ([cli_id1_0_2_] : [BIGINT]) - [2]
2021-12-04 23:22:00,071 TRACE org.hibernate.type.descriptor.sql.BasicExtractor [http-nio-8090-exec-10] extracted value ([vta_ngc_5_4_0_] : [BIGINT]) - [2]
2021-12-04 23:22:00,071 TRACE org.hibernate.type.descriptor.sql.BasicExtractor [http-nio-8090-exec-10] extracted value ([vta_id2_4_0_] : [BIGINT]) - [2]
2021-12-04 23:22:00,073 TRACE org.hibernate.type.descriptor.sql.BasicBinder [http-nio-8090-exec-10] binding parameter [1] as [BIGINT] - [2]
2021-12-04 23:22:00,074 TRACE org.hibernate.type.descriptor.sql.BasicExtractor [http-nio-8090-exec-10] extracted value ([itm_id1_3_1_] : [BIGINT]) - [8]
2021-12-04 23:22:00,075 TRACE org.hibernate.type.descriptor.sql.BasicExtractor [http-nio-8090-exec-10] extracted value ([prd_id1_2_2_] : [BIGINT]) - [4]
2021-12-04 23:22:00,076 TRACE org.hibernate.type.descriptor.sql.BasicExtractor [http-nio-8090-exec-10] extracted value ([itm_vta_4_3_0_] : [BIGINT]) - [2]
2021-12-04 23:22:00,077 TRACE org.hibernate.type.descriptor.sql.BasicExtractor [http-nio-8090-exec-10] extracted value ([itm_id1_3_0_] : [BIGINT]) - [8]
2021-12-04 23:22:02,626 INFO ar.edu.davinci.dvds20212cg1.controller.rest.VentaControllerRest [http-nio-8090-exec-1] listar todas las ventas
2021-12-04 23:22:02,628 DEBUG ar.edu.davinci.dvds20212cg1.services.VentaServiceImpl [http-nio-8090-exec-1] Listado de ventas
2021-12-04 23:22:02,633 TRACE org.hibernate.type.descriptor.sql.BasicExtractor [http-nio-8090-exec-1] extracted value ([vta_id2_4_] : [BIGINT]) - [1]
2021-12-04 23:22:02,635 TRACE org.hibernate.type.descriptor.sql.BasicExtractor [http-nio-8090-exec-1] extracted value ([tipo_ven1_4_] : [VARCHAR]) - [EFECTIVO]
2021-12-04 23:22:02,636 TRACE org.hibernate.type.descriptor.sql.BasicExtractor [http-nio-8090-exec-1] extracted value ([vta_cli_4_4_] : [BIGINT]) - [1]
2021-12-04 23:22:02,637 TRACE org.hibernate.type.descriptor.sql.BasicExtractor [http-nio-8090-exec-1] extracted value ([vta_fech3_4_] : [DATE]) - [2021-12-02]
2021-12-04 23:22:02,638 TRACE org.hibernate.type.descriptor.sql.BasicExtractor [http-nio-8090-exec-1] extracted value ([vta_ngc_5_4_] : [BIGINT]) - [1]
2021-12-04 23:22:02,639 TRACE org.hibernate.type.descriptor.sql.BasicExtractor [http-nio-8090-exec-1] extracted value ([vta_id2_4_] : [BIGINT]) - [2]
2021-12-04 23:22:02,640 TRACE org.hibernate.type.descriptor.sql.BasicExtractor [http-nio-8090-exec-1] extracted value ([tipo_ven1_4_] : [VARCHAR]) - [EFECTIVO]
2021-12-04 23:22:02,641 TRACE org.hibernate.type.descriptor.sql.BasicExtractor [http-nio-8090-exec-1] extracted value ([vta_cli_4_4_] : [BIGINT]) - [2]
2021-12-04 23:22:02,642 TRACE org.hibernate.type.descriptor.sql.BasicExtractor [http-nio-8090-exec-1] extracted value ([vta_fech3_4_] : [DATE]) - [2021-12-02]
2021-12-04 23:22:02,644 TRACE org.hibernate.type.descriptor.sql.BasicExtractor [http-nio-8090-exec-1] extracted value ([vta_ngc_5_4_] : [BIGINT]) - [2]
2021-12-04 23:22:02,645 TRACE org.hibernate.type.descriptor.sql.BasicExtractor [http-nio-8090-exec-1] extracted value ([vta_id2_4_] : [BIGINT]) - [3]
2021-12-04 23:22:02,646 TRACE org.hibernate.type.descriptor.sql.BasicExtractor [http-nio-8090-exec-1] extracted value ([tipo_ven1_4_] : [VARCHAR]) - [TARJETA]
2021-12-04 23:22:02,646 TRACE org.hibernate.type.descriptor.sql.BasicExtractor [http-nio-8090-exec-1] extracted value ([vta_cli_4_4_] : [BIGINT]) - [3]
2021-12-04 23:22:02,647 TRACE org.hibernate.type.descriptor.sql.BasicExtractor [http-nio-8090-exec-1] extracted value ([vta_fech3_4_] : [DATE]) - [2021-12-02]
2021-12-04 23:22:02,648 TRACE org.hibernate.type.descriptor.sql.BasicExtractor [http-nio-8090-exec-1] extracted value ([vta_ngc_5_4_] : [BIGINT]) - [3]
2021-12-04 23:22:02,648 TRACE org.hibernate.type.descriptor.sql.BasicExtractor [http-nio-8090-exec-1] extracted value ([vtt_cant1_6_] : [INTEGER]) - [6]
2021-12-04 23:22:02,648 TRACE org.hibernate.type.descriptor.sql.BasicExtractor [http-nio-8090-exec-1] extracted value ([vtt_coef2_6_] : [NUMERIC]) - [0.01]
2021-12-04 23:22:02,648 TRACE org.hibernate.type.descriptor.sql.BasicExtractor [http-nio-8090-exec-1] extracted value ([vta_id2_4_] : [BIGINT]) - [4]
2021-12-04 23:22:02,649 TRACE org.hibernate.type.descriptor.sql.BasicExtractor [http-nio-8090-exec-1] extracted value ([tipo_ven1_4_] : [VARCHAR]) - [TARJETA]
2021-12-04 23:22:02,649 TRACE org.hibernate.type.descriptor.sql.BasicExtractor [http-nio-8090-exec-1] extracted value ([vta_cli_4_4_] : [BIGINT]) - [4]
2021-12-04 23:22:02,649 TRACE org.hibernate.type.descriptor.sql.BasicExtractor [http-nio-8090-exec-1] extracted value ([vta_fech3_4_] : [DATE]) - [2021-12-02]
2021-12-04 23:22:02,650 TRACE org.hibernate.type.descriptor.sql.BasicExtractor [http-nio-8090-exec-1] extracted value ([vta_ngc_5_4_] : [BIGINT]) - [4]
2021-12-04 23:22:02,650 TRACE org.hibernate.type.descriptor.sql.BasicExtractor [http-nio-8090-exec-1] extracted value ([vtt_cant1_6_] : [INTEGER]) - [12]
2021-12-04 23:22:02,650 TRACE org.hibernate.type.descriptor.sql.BasicExtractor [http-nio-8090-exec-1] extracted value ([vtt_coef2_6_] : [NUMERIC]) - [0.01]
2021-12-04 23:22:02,651 TRACE org.hibernate.type.descriptor.sql.BasicExtractor [http-nio-8090-exec-1] extracted value ([vta_id2_4_] : [BIGINT]) - [5]
2021-12-04 23:22:02,651 TRACE org.hibernate.type.descriptor.sql.BasicExtractor [http-nio-8090-exec-1] extracted value ([tipo_ven1_4_] : [VARCHAR]) - [TARJETA]
2021-12-04 23:22:02,651 TRACE org.hibernate.type.descriptor.sql.BasicExtractor [http-nio-8090-exec-1] extracted value ([vta_cli_4_4_] : [BIGINT]) - [1]
2021-12-04 23:22:02,652 TRACE org.hibernate.type.descriptor.sql.BasicExtractor [http-nio-8090-exec-1] extracted value ([vta_fech3_4_] : [DATE]) - [2021-12-02]
2021-12-04 23:22:02,652 TRACE org.hibernate.type.descriptor.sql.BasicExtractor [http-nio-8090-exec-1] extracted value ([vta_ngc_5_4_] : [BIGINT]) - [3]
2021-12-04 23:22:02,652 TRACE org.hibernate.type.descriptor.sql.BasicExtractor [http-nio-8090-exec-1] extracted value ([vtt_cant1_6_] : [INTEGER]) - [12]
2021-12-04 23:22:02,653 TRACE org.hibernate.type.descriptor.sql.BasicExtractor [http-nio-8090-exec-1] extracted value ([vtt_coef2_6_] : [NUMERIC]) - [0.01]
2021-12-04 23:22:02,654 TRACE org.hibernate.type.descriptor.sql.BasicBinder [http-nio-8090-exec-1] binding parameter [1] as [BIGINT] - [1]
2021-12-04 23:22:02,655 TRACE org.hibernate.type.descriptor.sql.BasicExtractor [http-nio-8090-exec-1] extracted value ([cli_apel2_0_0_] : [VARCHAR]) - [Toyama]
2021-12-04 23:22:02,655 TRACE org.hibernate.type.descriptor.sql.BasicExtractor [http-nio-8090-exec-1] extracted value ([cli_nomb3_0_0_] : [VARCHAR]) - [Rodri]
2021-12-04 23:22:02,656 TRACE org.hibernate.type.descriptor.sql.BasicBinder [http-nio-8090-exec-1] binding parameter [1] as [BIGINT] - [1]
2021-12-04 23:22:02,657 TRACE org.hibernate.type.descriptor.sql.BasicExtractor [http-nio-8090-exec-1] extracted value ([ngc_sucu2_1_0_] : [VARCHAR]) - [DV1]
2021-12-04 23:22:02,658 TRACE org.hibernate.type.descriptor.sql.BasicBinder [http-nio-8090-exec-1] binding parameter [1] as [BIGINT] - [2]
2021-12-04 23:22:02,661 TRACE org.hibernate.type.descriptor.sql.BasicExtractor [http-nio-8090-exec-1] extracted value ([cli_apel2_0_0_] : [VARCHAR]) - [Lujan]
2021-12-04 23:22:02,662 TRACE org.hibernate.type.descriptor.sql.BasicExtractor [http-nio-8090-exec-1] extracted value ([cli_nomb3_0_0_] : [VARCHAR]) - [Marcelo]
2021-12-04 23:22:02,663 TRACE org.hibernate.type.descriptor.sql.BasicBinder [http-nio-8090-exec-1] binding parameter [1] as [BIGINT] - [2]
2021-12-04 23:22:02,665 TRACE org.hibernate.type.descriptor.sql.BasicExtractor [http-nio-8090-exec-1] extracted value ([ngc_sucu2_1_0_] : [VARCHAR]) - [DV2]
2021-12-04 23:22:02,667 TRACE org.hibernate.type.descriptor.sql.BasicBinder [http-nio-8090-exec-1] binding parameter [1] as [BIGINT] - [3]
2021-12-04 23:22:02,668 TRACE org.hibernate.type.descriptor.sql.BasicExtractor [http-nio-8090-exec-1] extracted value ([cli_apel2_0_0_] : [VARCHAR]) - [Tango]
2021-12-04 23:22:02,668 TRACE org.hibernate.type.descriptor.sql.BasicExtractor [http-nio-8090-exec-1] extracted value ([cli_nomb3_0_0_] : [VARCHAR]) - [Malena]
2021-12-04 23:22:02,670 TRACE org.hibernate.type.descriptor.sql.BasicBinder [http-nio-8090-exec-1] binding parameter [1] as [BIGINT] - [3]
2021-12-04 23:22:02,671 TRACE org.hibernate.type.descriptor.sql.BasicExtractor [http-nio-8090-exec-1] extracted value ([ngc_sucu2_1_0_] : [VARCHAR]) - [DV3]
2021-12-04 23:22:02,672 TRACE org.hibernate.type.descriptor.sql.BasicBinder [http-nio-8090-exec-1] binding parameter [1] as [BIGINT] - [4]
2021-12-04 23:22:02,673 TRACE org.hibernate.type.descriptor.sql.BasicExtractor [http-nio-8090-exec-1] extracted value ([cli_apel2_0_0_] : [VARCHAR]) - [Rere]
2021-12-04 23:22:02,673 TRACE org.hibernate.type.descriptor.sql.BasicExtractor [http-nio-8090-exec-1] extracted value ([cli_nomb3_0_0_] : [VARCHAR]) - [Federico]
2021-12-04 23:22:02,674 TRACE org.hibernate.type.descriptor.sql.BasicBinder [http-nio-8090-exec-1] binding parameter [1] as [BIGINT] - [4]
2021-12-04 23:22:02,676 TRACE org.hibernate.type.descriptor.sql.BasicExtractor [http-nio-8090-exec-1] extracted value ([ngc_sucu2_1_0_] : [VARCHAR]) - [Lo de Sergio]
2021-12-04 23:22:02,681 TRACE org.hibernate.type.descriptor.sql.BasicBinder [http-nio-8090-exec-1] binding parameter [1] as [BIGINT] - [1]
2021-12-04 23:22:02,683 TRACE org.hibernate.type.descriptor.sql.BasicBinder [http-nio-8090-exec-1] binding parameter [1] as [BIGINT] - [2]
2021-12-04 23:22:02,684 TRACE org.hibernate.type.descriptor.sql.BasicExtractor [http-nio-8090-exec-1] extracted value ([itm_id1_3_1_] : [BIGINT]) - [8]
2021-12-04 23:22:02,685 TRACE org.hibernate.type.descriptor.sql.BasicExtractor [http-nio-8090-exec-1] extracted value ([prd_id1_2_2_] : [BIGINT]) - [4]
2021-12-04 23:22:02,685 TRACE org.hibernate.type.descriptor.sql.BasicExtractor [http-nio-8090-exec-1] extracted value ([itm_cant2_3_1_] : [INTEGER]) - [1]
2021-12-04 23:22:02,685 TRACE org.hibernate.type.descriptor.sql.BasicExtractor [http-nio-8090-exec-1] extracted value ([itm_pren3_3_1_] : [BIGINT]) - [4]
2021-12-04 23:22:02,686 TRACE org.hibernate.type.descriptor.sql.BasicExtractor [http-nio-8090-exec-1] extracted value ([itm_vta_4_3_1_] : [BIGINT]) - [2]
2021-12-04 23:22:02,686 TRACE org.hibernate.type.descriptor.sql.BasicExtractor [http-nio-8090-exec-1] extracted value ([prd_desc2_2_2_] : [VARCHAR]) - [Pantalón Gabardina Beige]
2021-12-04 23:22:02,687 TRACE org.hibernate.type.descriptor.sql.BasicExtractor [http-nio-8090-exec-1] extracted value ([prd_prec3_2_2_] : [NUMERIC]) - [1004.00]
2021-12-04 23:22:02,687 TRACE org.hibernate.type.descriptor.sql.BasicExtractor [http-nio-8090-exec-1] extracted value ([prd_tipo4_2_2_] : [VARCHAR]) - [PANTALON]
2021-12-04 23:22:02,687 TRACE org.hibernate.type.descriptor.sql.BasicExtractor [http-nio-8090-exec-1] extracted value ([itm_vta_4_3_0_] : [BIGINT]) - [2]
2021-12-04 23:22:02,687 TRACE org.hibernate.type.descriptor.sql.BasicExtractor [http-nio-8090-exec-1] extracted value ([itm_id1_3_0_] : [BIGINT]) - [8]
2021-12-04 23:22:02,689 TRACE org.hibernate.type.descriptor.sql.BasicBinder [http-nio-8090-exec-1] binding parameter [1] as [BIGINT] - [3]
2021-12-04 23:22:02,691 TRACE org.hibernate.type.descriptor.sql.BasicExtractor [http-nio-8090-exec-1] extracted value ([itm_id1_3_1_] : [BIGINT]) - [3]
2021-12-04 23:22:02,692 TRACE org.hibernate.type.descriptor.sql.BasicExtractor [http-nio-8090-exec-1] extracted value ([prd_id1_2_2_] : [BIGINT]) - [2]
2021-12-04 23:22:02,692 TRACE org.hibernate.type.descriptor.sql.BasicExtractor [http-nio-8090-exec-1] extracted value ([itm_cant2_3_1_] : [INTEGER]) - [1]
2021-12-04 23:22:02,692 TRACE org.hibernate.type.descriptor.sql.BasicExtractor [http-nio-8090-exec-1] extracted value ([itm_pren3_3_1_] : [BIGINT]) - [2]
2021-12-04 23:22:02,693 TRACE org.hibernate.type.descriptor.sql.BasicExtractor [http-nio-8090-exec-1] extracted value ([itm_vta_4_3_1_] : [BIGINT]) - [3]
2021-12-04 23:22:02,693 TRACE org.hibernate.type.descriptor.sql.BasicExtractor [http-nio-8090-exec-1] extracted value ([prd_desc2_2_2_] : [VARCHAR]) - [Camisa Negra]
2021-12-04 23:22:02,694 TRACE org.hibernate.type.descriptor.sql.BasicExtractor [http-nio-8090-exec-1] extracted value ([prd_prec3_2_2_] : [NUMERIC]) - [999.00]
2021-12-04 23:22:02,694 TRACE org.hibernate.type.descriptor.sql.BasicExtractor [http-nio-8090-exec-1] extracted value ([prd_tipo4_2_2_] : [VARCHAR]) - [CAMISA]
2021-12-04 23:22:02,695 TRACE org.hibernate.type.descriptor.sql.BasicExtractor [http-nio-8090-exec-1] extracted value ([itm_vta_4_3_0_] : [BIGINT]) - [3]
2021-12-04 23:22:02,695 TRACE org.hibernate.type.descriptor.sql.BasicExtractor [http-nio-8090-exec-1] extracted value ([itm_id1_3_0_] : [BIGINT]) - [3]
2021-12-04 23:22:02,697 TRACE org.hibernate.type.descriptor.sql.BasicBinder [http-nio-8090-exec-1] binding parameter [1] as [BIGINT] - [4]
2021-12-04 23:22:02,698 TRACE org.hibernate.type.descriptor.sql.BasicExtractor [http-nio-8090-exec-1] extracted value ([itm_id1_3_1_] : [BIGINT]) - [4]
2021-12-04 23:22:02,699 TRACE org.hibernate.type.descriptor.sql.BasicExtractor [http-nio-8090-exec-1] extracted value ([prd_id1_2_2_] : [BIGINT]) - [4]
2021-12-04 23:22:02,699 TRACE org.hibernate.type.descriptor.sql.BasicExtractor [http-nio-8090-exec-1] extracted value ([itm_cant2_3_1_] : [INTEGER]) - [1]
2021-12-04 23:22:02,700 TRACE org.hibernate.type.descriptor.sql.BasicExtractor [http-nio-8090-exec-1] extracted value ([itm_pren3_3_1_] : [BIGINT]) - [4]
2021-12-04 23:22:02,701 TRACE org.hibernate.type.descriptor.sql.BasicExtractor [http-nio-8090-exec-1] extracted value ([itm_vta_4_3_1_] : [BIGINT]) - [4]
2021-12-04 23:22:02,701 TRACE org.hibernate.type.descriptor.sql.BasicExtractor [http-nio-8090-exec-1] extracted value ([itm_vta_4_3_0_] : [BIGINT]) - [4]
2021-12-04 23:22:02,702 TRACE org.hibernate.type.descriptor.sql.BasicExtractor [http-nio-8090-exec-1] extracted value ([itm_id1_3_0_] : [BIGINT]) - [4]
2021-12-04 23:22:02,703 TRACE org.hibernate.type.descriptor.sql.BasicBinder [http-nio-8090-exec-1] binding parameter [1] as [BIGINT] - [5]
2021-12-04 23:22:02,704 TRACE org.hibernate.type.descriptor.sql.BasicExtractor [http-nio-8090-exec-1] extracted value ([itm_id1_3_1_] : [BIGINT]) - [6]
2021-12-04 23:22:02,705 TRACE org.hibernate.type.descriptor.sql.BasicExtractor [http-nio-8090-exec-1] extracted value ([prd_id1_2_2_] : [BIGINT]) - [2]
2021-12-04 23:22:02,706 TRACE org.hibernate.type.descriptor.sql.BasicExtractor [http-nio-8090-exec-1] extracted value ([itm_cant2_3_1_] : [INTEGER]) - [3]
2021-12-04 23:22:02,706 TRACE org.hibernate.type.descriptor.sql.BasicExtractor [http-nio-8090-exec-1] extracted value ([itm_pren3_3_1_] : [BIGINT]) - [2]
2021-12-04 23:22:02,706 TRACE org.hibernate.type.descriptor.sql.BasicExtractor [http-nio-8090-exec-1] extracted value ([itm_vta_4_3_1_] : [BIGINT]) - [5]
2021-12-04 23:22:02,707 TRACE org.hibernate.type.descriptor.sql.BasicExtractor [http-nio-8090-exec-1] extracted value ([itm_vta_4_3_0_] : [BIGINT]) - [5]
2021-12-04 23:22:02,707 TRACE org.hibernate.type.descriptor.sql.BasicExtractor [http-nio-8090-exec-1] extracted value ([itm_id1_3_0_] : [BIGINT]) - [6]
2021-12-04 23:22:02,707 TRACE org.hibernate.type.descriptor.sql.BasicExtractor [http-nio-8090-exec-1] extracted value ([itm_id1_3_1_] : [BIGINT]) - [7]
2021-12-04 23:22:02,708 TRACE org.hibernate.type.descriptor.sql.BasicExtractor [http-nio-8090-exec-1] extracted value ([prd_id1_2_2_] : [BIGINT]) - [4]
2021-12-04 23:22:02,708 TRACE org.hibernate.type.descriptor.sql.BasicExtractor [http-nio-8090-exec-1] extracted value ([itm_cant2_3_1_] : [INTEGER]) - [1]
2021-12-04 23:22:02,708 TRACE org.hibernate.type.descriptor.sql.BasicExtractor [http-nio-8090-exec-1] extracted value ([itm_pren3_3_1_] : [BIGINT]) - [4]
2021-12-04 23:22:02,708 TRACE org.hibernate.type.descriptor.sql.BasicExtractor [http-nio-8090-exec-1] extracted value ([itm_vta_4_3_1_] : [BIGINT]) - [5]
2021-12-04 23:22:02,709 TRACE org.hibernate.type.descriptor.sql.BasicExtractor [http-nio-8090-exec-1] extracted value ([itm_vta_4_3_0_] : [BIGINT]) - [5]
2021-12-04 23:22:02,709 TRACE org.hibernate.type.descriptor.sql.BasicExtractor [http-nio-8090-exec-1] extracted value ([itm_id1_3_0_] : [BIGINT]) - [7]
2021-12-04 23:44:11,541 INFO ar.edu.davinci.dvds20212cg1.controller.rest.ClienteControllerRest [http-nio-8090-exec-4] Listar todos los clientes
2021-12-04 23:44:11,542 DEBUG ar.edu.davinci.dvds20212cg1.services.ClienteServiceImpl [http-nio-8090-exec-4] Listado de todas las clientes
2021-12-04 23:44:11,611 TRACE org.hibernate.type.descriptor.sql.BasicExtractor [http-nio-8090-exec-4] extracted value ([cli_id1_0_] : [BIGINT]) - [1]
2021-12-04 23:44:11,617 TRACE org.hibernate.type.descriptor.sql.BasicExtractor [http-nio-8090-exec-4] extracted value ([cli_apel2_0_] : [VARCHAR]) - [Toyama]
2021-12-04 23:44:11,618 TRACE org.hibernate.type.descriptor.sql.BasicExtractor [http-nio-8090-exec-4] extracted value ([cli_nomb3_0_] : [VARCHAR]) - [Rodri]
2021-12-04 23:44:11,618 TRACE org.hibernate.type.descriptor.sql.BasicExtractor [http-nio-8090-exec-4] extracted value ([cli_id1_0_] : [BIGINT]) - [2]
2021-12-04 23:44:11,619 TRACE org.hibernate.type.descriptor.sql.BasicExtractor [http-nio-8090-exec-4] extracted value ([cli_apel2_0_] : [VARCHAR]) - [Lujan]
2021-12-04 23:44:11,619 TRACE org.hibernate.type.descriptor.sql.BasicExtractor [http-nio-8090-exec-4] extracted value ([cli_nomb3_0_] : [VARCHAR]) - [Marcelo]
2021-12-04 23:44:11,620 TRACE org.hibernate.type.descriptor.sql.BasicExtractor [http-nio-8090-exec-4] extracted value ([cli_id1_0_] : [BIGINT]) - [3]
2021-12-04 23:44:11,620 TRACE org.hibernate.type.descriptor.sql.BasicExtractor [http-nio-8090-exec-4] extracted value ([cli_apel2_0_] : [VARCHAR]) - [Tango]
2021-12-04 23:44:11,620 TRACE org.hibernate.type.descriptor.sql.BasicExtractor [http-nio-8090-exec-4] extracted value ([cli_nomb3_0_] : [VARCHAR]) - [Malena]
2021-12-04 23:44:11,621 TRACE org.hibernate.type.descriptor.sql.BasicExtractor [http-nio-8090-exec-4] extracted value ([cli_id1_0_] : [BIGINT]) - [4]
2021-12-04 23:44:11,621 TRACE org.hibernate.type.descriptor.sql.BasicExtractor [http-nio-8090-exec-4] extracted value ([cli_apel2_0_] : [VARCHAR]) - [Rere]
2021-12-04 23:44:11,622 TRACE org.hibernate.type.descriptor.sql.BasicExtractor [http-nio-8090-exec-4] extracted value ([cli_nomb3_0_] : [VARCHAR]) - [Federico]
2021-12-04 23:56:12,054 INFO ar.edu.davinci.dvds20212cg1.controller.rest.PrendaControllerRest [http-nio-8090-exec-7] Listado de todas las prendas
2021-12-04 23:56:12,054 DEBUG ar.edu.davinci.dvds20212cg1.services.PrendaServiceImpl [http-nio-8090-exec-7] Listado de prendas
2021-12-04 23:56:12,061 TRACE org.hibernate.type.descriptor.sql.BasicExtractor [http-nio-8090-exec-7] extracted value ([prd_id1_2_] : [BIGINT]) - [1]
2021-12-04 23:56:12,062 TRACE org.hibernate.type.descriptor.sql.BasicExtractor [http-nio-8090-exec-7] extracted value ([prd_desc2_2_] : [VARCHAR]) - [Camisa Celeste]
2021-12-04 23:56:12,063 TRACE org.hibernate.type.descriptor.sql.BasicExtractor [http-nio-8090-exec-7] extracted value ([prd_prec3_2_] : [NUMERIC]) - [10.24]
2021-12-04 23:56:12,063 TRACE org.hibernate.type.descriptor.sql.BasicExtractor [http-nio-8090-exec-7] extracted value ([prd_tipo4_2_] : [VARCHAR]) - [CAMISA]
2021-12-04 23:56:12,064 TRACE org.hibernate.type.descriptor.sql.BasicExtractor [http-nio-8090-exec-7] extracted value ([prd_id1_2_] : [BIGINT]) - [2]
2021-12-04 23:56:12,065 TRACE org.hibernate.type.descriptor.sql.BasicExtractor [http-nio-8090-exec-7] extracted value ([prd_desc2_2_] : [VARCHAR]) - [Camisa Negra]
2021-12-04 23:56:12,065 TRACE org.hibernate.type.descriptor.sql.BasicExtractor [http-nio-8090-exec-7] extracted value ([prd_prec3_2_] : [NUMERIC]) - [999.00]
2021-12-04 23:56:12,065 TRACE org.hibernate.type.descriptor.sql.BasicExtractor [http-nio-8090-exec-7] extracted value ([prd_tipo4_2_] : [VARCHAR]) - [CAMISA]
2021-12-04 23:56:12,066 TRACE org.hibernate.type.descriptor.sql.BasicExtractor [http-nio-8090-exec-7] extracted value ([prd_id1_2_] : [BIGINT]) - [3]
2021-12-04 23:56:12,066 TRACE org.hibernate.type.descriptor.sql.BasicExtractor [http-nio-8090-exec-7] extracted value ([prd_desc2_2_] : [VARCHAR]) - [Saco Vestir]
2021-12-04 23:56:12,066 TRACE org.hibernate.type.descriptor.sql.BasicExtractor [http-nio-8090-exec-7] extracted value ([prd_prec3_2_] : [NUMERIC]) - [102.40]
2021-12-04 23:56:12,067 TRACE org.hibernate.type.descriptor.sql.BasicExtractor [http-nio-8090-exec-7] extracted value ([prd_tipo4_2_] : [VARCHAR]) - [SACO]
2021-12-04 23:56:12,067 TRACE org.hibernate.type.descriptor.sql.BasicExtractor [http-nio-8090-exec-7] extracted value ([prd_id1_2_] : [BIGINT]) - [4]
2021-12-04 23:56:12,068 TRACE org.hibernate.type.descriptor.sql.BasicExtractor [http-nio-8090-exec-7] extracted value ([prd_desc2_2_] : [VARCHAR]) - [Pantalón Gabardina Beige]
2021-12-04 23:56:12,068 TRACE org.hibernate.type.descriptor.sql.BasicExtractor [http-nio-8090-exec-7] extracted value ([prd_prec3_2_] : [NUMERIC]) - [1004.00]
2021-12-04 23:56:12,068 TRACE org.hibernate.type.descriptor.sql.BasicExtractor [http-nio-8090-exec-7] extracted value ([prd_tipo4_2_] : [VARCHAR]) - [PANTALON]
2021-12-04 23:56:12,068 TRACE org.hibernate.type.descriptor.sql.BasicExtractor [http-nio-8090-exec-7] extracted value ([prd_id1_2_] : [BIGINT]) - [5]
2021-12-04 23:56:12,069 TRACE org.hibernate.type.descriptor.sql.BasicExtractor [http-nio-8090-exec-7] extracted value ([prd_desc2_2_] : [VARCHAR]) - [Bufanda reloca]
2021-12-04 23:56:12,069 TRACE org.hibernate.type.descriptor.sql.BasicExtractor [http-nio-8090-exec-7] extracted value ([prd_prec3_2_] : [NUMERIC]) - [200.50]
2021-12-04 23:56:12,069 TRACE org.hibernate.type.descriptor.sql.BasicExtractor [http-nio-8090-exec-7] extracted value ([prd_tipo4_2_] : [VARCHAR]) - [BUFANDA]
2021-12-04 23:56:12,069 TRACE org.hibernate.type.descriptor.sql.BasicExtractor [http-nio-8090-exec-7] extracted value ([prd_id1_2_] : [BIGINT]) - [7]
2021-12-04 23:56:12,070 TRACE org.hibernate.type.descriptor.sql.BasicExtractor [http-nio-8090-exec-7] extracted value ([prd_desc2_2_] : [VARCHAR]) - [Camisa Gris Claro]
2021-12-04 23:56:12,071 TRACE org.hibernate.type.descriptor.sql.BasicExtractor [http-nio-8090-exec-7] extracted value ([prd_prec3_2_] : [NUMERIC]) - [1645.24]
2021-12-04 23:56:12,071 TRACE org.hibernate.type.descriptor.sql.BasicExtractor [http-nio-8090-exec-7] extracted value ([prd_tipo4_2_] : [VARCHAR]) - [null]
